2023-11-30 00:00:00,023 [WARN] SupportedApi:132 - Cannot load RTOS API schema: s4s-elt-must-match.1: The content of 'definitions' must match (annotation?, (simpleType | complexType)?, (unique | key | keyref)*)). A problem was found starting at: attribute.
2023-11-30 00:00:00,135 [INFO] PluginManage:359 - Loaded plugin pinoutconfig (category:base,tabindex:0)
2023-11-30 00:00:00,135 [INFO] PluginManage:310 - Check plugin power
2023-11-30 00:00:00,146 [INFO] PluginManage:359 - Loaded plugin power (category:power,tabindex:4)
2023-11-30 00:00:00,146 [INFO] PluginManage:310 - Check plugin projectmanager
2023-11-30 00:00:00,158 [INFO] PluginManage:359 - Loaded plugin projectmanager (category:projectmanager,tabindex:3)
2023-11-30 00:00:00,158 [INFO] PluginManage:310 - Check plugin thirdparty
2023-11-30 00:00:00,261 [INFO] PluginManage:359 - Loaded plugin thirdparty (category:base,tabindex:-1)
2023-11-30 00:00:00,260 [WARN] IntegrityCheckThread:84 - waiting for thirdparty lock release [integrity check]
2023-11-30 00:00:00,261 [INFO] PluginManage:310 - Check plugin tools
2023-11-30 00:00:00,261 [INFO] IntegrityCheckThread:86 - entering critical section [integrity check]
2023-11-30 00:00:00,263 [INFO] ThirdPartyUpdaterWithRetryManager:70 - Updater plugin not ready yet. [1/15]
2023-11-30 00:00:00,263 [INFO] PluginManage:359 - Loaded plugin tools (category:base,tabindex:7)
2023-11-30 00:00:00,263 [INFO] PluginManage:310 - Check plugin tutovideos
2023-11-30 00:00:00,438 [INFO] PluginManage:359 - Loaded plugin tutovideos (category:base,tabindex:-1)
2023-11-30 00:00:00,439 [INFO] PluginManage:310 - Check plugin updater
2023-11-30 00:00:00,466 [INFO] PluginManage:359 - Loaded plugin updater (category:base,tabindex:12)
2023-11-30 00:00:00,466 [INFO] PluginManage:283 - PluginManage : Loaded plugins [15]
2023-11-30 00:00:00,658 [INFO] PinOutPanel:1499 - setPackage(No Configuration,No Configuration)
2023-11-30 00:00:00,698 [INFO] CADModel:165 - CPN selected for project level
2023-11-30 00:00:00,698 [INFO] CADModel:114 - Register for checkConnection events
2023-11-30 00:00:00,707 [INFO] IPUIPlugin:80 - create IPUIPlugin
2023-11-30 00:00:00,707 [INFO] PluginManager:220 - loadIPPluginJar : add quadspi
2023-11-30 00:00:00,711 [INFO] IPUIPlugin:80 - create IPUIPlugin
2023-11-30 00:00:00,712 [INFO] PluginManager:220 - loadIPPluginJar : add gfxmmu
2023-11-30 00:00:00,714 [INFO] IPUIPlugin:80 - create IPUIPlugin
2023-11-30 00:00:00,714 [INFO] PluginManager:220 - loadIPPluginJar : add gtzc
2023-11-30 00:00:00,715 [INFO] IPUIPlugin:80 - create IPUIPlugin
2023-11-30 00:00:00,715 [INFO] PluginManager:220 - loadIPPluginJar : add ltdc
2023-11-30 00:00:00,717 [INFO] IPUIPlugin:80 - create IPUIPlugin
2023-11-30 00:00:00,717 [INFO] PluginManager:220 - loadIPPluginJar : add openamp
2023-11-30 00:00:00,724 [INFO] IPUIPlugin:80 - create IPUIPlugin
2023-11-30 00:00:00,724 [INFO] PluginManager:220 - loadIPPluginJar : add adc
2023-11-30 00:00:00,725 [INFO] IPUIPlugin:80 - create IPUIPlugin
2023-11-30 00:00:00,725 [INFO] PluginManager:220 - loadIPPluginJar : add comp
2023-11-30 00:00:00,731 [INFO] IPUIPlugin:80 - create IPUIPlugin
2023-11-30 00:00:00,733 [INFO] PluginManager:220 - loadIPPluginJar : add plateformsettings
2023-11-30 00:00:00,734 [INFO] IPUIPlugin:80 - create IPUIPlugin
2023-11-30 00:00:00,734 [INFO] PluginManager:220 - loadIPPluginJar : add ucpd
2023-11-30 00:00:00,738 [INFO] IPUIPlugin:80 - create IPUIPlugin
2023-11-30 00:00:00,738 [INFO] PluginManager:220 - loadIPPluginJar : add gpio
2023-11-30 00:00:00,740 [INFO] IPUIPlugin:80 - create IPUIPlugin
2023-11-30 00:00:00,740 [INFO] PluginManager:220 - loadIPPluginJar : add spi
2023-11-30 00:00:00,746 [INFO] IPUIPlugin:80 - create IPUIPlugin
2023-11-30 00:00:00,746 [INFO] PluginManager:220 - loadIPPluginJar : add gic
2023-11-30 00:00:00,752 [INFO] IPUIPlugin:80 - create IPUIPlugin
2023-11-30 00:00:00,752 [INFO] PluginManager:220 - loadIPPluginJar : add mdma
2023-11-30 00:00:00,754 [INFO] IPUIPlugin:80 - create IPUIPlugin
2023-11-30 00:00:00,754 [INFO] PluginManager:220 - loadIPPluginJar : add tim
2023-11-30 00:00:00,755 [INFO] IPUIPlugin:80 - create IPUIPlugin
2023-11-30 00:00:00,755 [INFO] PluginManager:220 - loadIPPluginJar : add can
2023-11-30 00:00:00,757 [INFO] IPUIPlugin:80 - create IPUIPlugin
2023-11-30 00:00:00,757 [INFO] PluginManager:220 - loadIPPluginJar : add ts
2023-11-30 00:00:00,758 [INFO] IPUIPlugin:80 - create IPUIPlugin
2023-11-30 00:00:00,759 [INFO] PluginManager:220 - loadIPPluginJar : add opamp
2023-11-30 00:00:00,761 [INFO] IPUIPlugin:80 - create IPUIPlugin
2023-11-30 00:00:00,761 [INFO] PluginManager:220 - loadIPPluginJar : add ipddr
2023-11-30 00:00:00,764 [INFO] IPUIPlugin:80 - create IPUIPlugin
2023-11-30 00:00:00,764 [INFO] PluginManager:220 - loadIPPluginJar : add fmc
2023-11-30 00:00:00,766 [INFO] IPUIPlugin:80 - create IPUIPlugin
2023-11-30 00:00:00,766 [INFO] PluginManager:220 - loadIPPluginJar : add i2s
2023-11-30 00:00:00,771 [INFO] IPUIPlugin:80 - create IPUIPlugin
2023-11-30 00:00:00,772 [INFO] PluginManager:220 - loadIPPluginJar : add dma
2023-11-30 00:00:00,775 [INFO] IPUIPlugin:80 - create IPUIPlugin
2023-11-30 00:00:00,775 [INFO] PluginManager:220 - loadIPPluginJar : add nvic
2023-11-30 00:00:00,776 [INFO] IPUIPlugin:80 - create IPUIPlugin
2023-11-30 00:00:00,776 [INFO] PluginManager:220 - loadIPPluginJar : add dfsdm
2023-11-30 00:00:00,781 [INFO] IPUIPlugin:80 - create IPUIPlugin
2023-11-30 00:00:00,781 [INFO] PluginManager:220 - loadIPPluginJar : add freertos
2023-11-30 00:00:00,784 [INFO] IPUIPlugin:80 - create IPUIPlugin
2023-11-30 00:00:00,784 [INFO] PluginManager:220 - loadIPPluginJar : add usbx
2023-11-30 00:00:00,785 [INFO] IPUIPlugin:80 - create IPUIPlugin
2023-11-30 00:00:00,785 [INFO] PluginManager:220 - loadIPPluginJar : add genericplugin
2023-11-30 00:00:00,785 [INFO] IPUIPlugin:80 - create IPUIPlugin
2023-11-30 00:00:00,785 [INFO] PluginManager:220 - loadIPPluginJar : add fatfs
2023-11-30 00:00:00,787 [INFO] IPUIPlugin:80 - create IPUIPlugin
2023-11-30 00:00:00,787 [INFO] PluginManager:220 - loadIPPluginJar : add hash
2023-11-30 00:00:00,789 [INFO] IPUIPlugin:80 - create IPUIPlugin
2023-11-30 00:00:00,789 [INFO] PluginManager:220 - loadIPPluginJar : add i2c
2023-11-30 00:00:00,790 [INFO] IPUIPlugin:80 - create IPUIPlugin
2023-11-30 00:00:00,790 [INFO] PluginManager:220 - loadIPPluginJar : add tracer_emb
2023-11-30 00:00:00,792 [INFO] IPUIPlugin:80 - create IPUIPlugin
2023-11-30 00:00:00,792 [INFO] PluginManager:220 - loadIPPluginJar : add dma3
2023-11-30 00:00:00,796 [INFO] IPUIPlugin:80 - create IPUIPlugin
2023-11-30 00:00:00,796 [INFO] PluginManager:220 - loadIPPluginJar : add stm32_wpan
2023-11-30 00:00:00,801 [INFO] IPUIPlugin:80 - create IPUIPlugin
2023-11-30 00:00:00,801 [INFO] PluginManager:220 - loadIPPluginJar : add linkedlist
2023-11-30 00:00:00,803 [INFO] IPUIPlugin:80 - create IPUIPlugin
2023-11-30 00:00:00,803 [INFO] PluginManager:220 - loadIPPluginJar : add i3c
2023-11-30 00:00:00,804 [INFO] IPUIPlugin:80 - create IPUIPlugin
2023-11-30 00:00:00,804 [INFO] PluginManager:220 - loadIPPluginJar : add cryp
2023-11-30 00:00:00,806 [INFO] IPUIPlugin:80 - create IPUIPlugin
2023-11-30 00:00:00,806 [INFO] PluginManager:220 - loadIPPluginJar : add touchsensing
2023-11-30 00:00:00,808 [INFO] IPUIPlugin:80 - create IPUIPlugin
2023-11-30 00:00:00,808 [INFO] PluginManager:220 - loadIPPluginJar : add lorawan
2023-11-30 00:00:00,810 [INFO] IPUIPlugin:80 - create IPUIPlugin
2023-11-30 00:00:00,810 [INFO] PluginManager:220 - loadIPPluginJar : add usart
2023-11-30 00:00:00,812 [INFO] IPUIPlugin:80 - create IPUIPlugin
2023-11-30 00:00:00,812 [INFO] PluginManager:220 - loadIPPluginJar : add sai
2023-11-30 00:00:00,815 [INFO] IPUIPlugin:80 - create IPUIPlugin
2023-11-30 00:00:00,815 [INFO] PluginManager:220 - loadIPPluginJar : add resmgrutility
2023-11-30 00:00:00,816 [INFO] IPUIPlugin:80 - create IPUIPlugin
2023-11-30 00:00:00,816 [INFO] PluginManager:220 - loadIPPluginJar : add tsc
2023-11-30 00:00:00,817 [INFO] IPUIPlugin:80 - create IPUIPlugin
2023-11-30 00:00:00,817 [INFO] PluginManager:220 - loadIPPluginJar : add aes
2023-11-30 00:00:00,819 [INFO] IPUIPlugin:80 - create IPUIPlugin
2023-11-30 00:00:00,819 [INFO] PluginManager:220 - loadIPPluginJar : add pdm2pcm
2023-11-30 00:00:00,949 [INFO] CADModel:165 - CPN selected for project level
2023-11-30 00:00:00,949 [INFO] CADModel:114 - Register for checkConnection events
2023-11-30 00:00:00,949 [FATAL] Updater:308 - Updater called before beeing initialized
2023-11-30 00:00:00,949 [ERROR] CADModel:125 - Updater not yet initialized, retry later 
2023-11-30 00:00:01,068 [INFO] CADModel:165 - CPN selected for project level
2023-11-30 00:00:01,068 [INFO] CADModel:114 - Register for checkConnection events
2023-11-30 00:00:01,068 [FATAL] Updater:308 - Updater called before beeing initialized
2023-11-30 00:00:01,068 [ERROR] CADModel:125 - Updater not yet initialized, retry later 
2023-11-30 00:00:01,071 [FATAL] Updater:308 - Updater called before beeing initialized
2023-11-30 00:00:01,139 [FATAL] Updater:308 - Updater called before beeing initialized
2023-11-30 00:00:01,144 [INFO] DbMcusAds:53 - JSON generation date=Tue Mar 07 02:50:55 CST 2023 (1678179055114)
2023-11-30 00:00:01,145 [FATAL] Updater:308 - Updater called before beeing initialized
2023-11-30 00:00:01,182 [WARN] DetailPanel:346 - Failed to get advertising image, set to default
2023-11-30 00:00:01,282 [FATAL] Updater:308 - Updater called before beeing initialized
2023-11-30 00:00:01,285 [FATAL] Updater:308 - Updater called before beeing initialized
2023-11-30 00:00:01,285 [FATAL] Updater:308 - Updater called before beeing initialized
2023-11-30 00:00:01,285 [WARN] DetailPanel:346 - Failed to get advertising image, set to default
2023-11-30 00:00:01,286 [FATAL] Updater:308 - Updater called before beeing initialized
2023-11-30 00:00:01,316 [ERROR] Updater:1120 - MainUpdater not yet initialized. External WinMGr cannot be set.
2023-11-30 00:00:01,318 [INFO] Updater:1056 - Updater Version found : 6.8.1
2023-11-30 00:00:01,344 [INFO] ApplicationProperties:184 - Using Application install path: /opt/st/stm32cubeide_1.12.1/plugins/com.st.stm32cube.common.mx_6.8.1.202304191431
2023-11-30 00:00:02,009 [INFO] MainUpdater:2854 - connection check result : 10
2023-11-30 00:00:02,009 [INFO] MainUpdater:3548 - Updater definition file requires update
2023-11-30 00:00:02,010 [INFO] MainUpdater:283 - Updater Check For Update Now.
2023-11-30 00:00:02,011 [INFO] MicroXplorer:498 - Change Database Version : DB.6.0.81
2023-11-30 00:00:02,114 [INFO] ServerAccessManage:473 - Download File updaters.zip
2023-11-30 00:00:02,178 [INFO] FileExtend:240 - Unzip File : updaters.zip
2023-11-30 00:00:02,178 [INFO] FileExtend:255 - Standard Zip Deflate
2023-11-30 00:00:02,602 [INFO] ServerAccessManage:473 - Download File PacksControlFlags.xml
2023-11-30 00:00:02,743 [INFO] ServerAccessManage:473 - Download File cubemx.pidx
2023-11-30 00:00:03,175 [INFO] ServerAccessManage:473 - Download File STMicroelectronics.FP-SNS-MOTENVWB1.pdsc
2023-11-30 00:00:03,264 [WARN] MainUpdater:1187 - Updater busy. Cannot search thirdparties
2023-11-30 00:00:03,264 [INFO] ThirdPartyUpdaterWithRetryManager:96 - Updater plugin is busy. [1/15]
2023-11-30 00:00:04,365 [ERROR] ServerAccessManage:1096 - Problem, Http access forbiden
2023-11-30 00:00:04,366 [ERROR] ServerAccessManage:651 - Problem, Http access forbiden : RoweBots.I-CUBE-UNISONRTOS.pdsc.
2023-11-30 00:00:04,481 [WARN] PackLoader:240 - Cannot read IP mode file for STMicroelectronics.FP-SNS-MOTENVWB1.1.3.1
2023-11-30 00:00:04,484 [INFO] PopulateThirdPartyThread:66 - Ending populate Thread
2023-11-30 00:00:04,486 [INFO] ThirdParty:1030 - CMSIS Pack Vendor :STMicroelectronics FP-SNS-MOTENVWB1 1.3.1
2023-11-30 00:00:04,486 [INFO] LoadServerUpdatesThread:373 - End of LoadServerUpdate Thread
2023-11-30 00:00:04,605 [INFO] CheckServerUpdateThread:120 - End of CheckServer Thread
2023-11-30 00:00:04,616 [INFO] MainUpdater:2854 - connection check result : 10
2023-11-30 00:00:04,617 [INFO] MainUpdater:2854 - connection check result : 10
2023-11-30 00:00:04,646 [INFO] MicroXplorer:468 - Change Database Path : 
2023-11-30 00:00:04,646 [INFO] MicroXplorer:498 - Change Database Version : DB.6.0.81
2023-11-30 00:00:04,646 [WARN] ThirdParty:871 - waiting for thirdparty lock release [close project]
2023-11-30 00:00:06,348 [WARN] PackLoader:240 - Cannot read IP mode file for STMicroelectronics.X-CUBE-SMBUS.2.1.0
2023-11-30 00:00:06,367 [WARN] PackLoader:240 - Cannot read IP mode file for STMicroelectronics.X-CUBE-AZRTOS-F7.1.1.0
2023-11-30 00:00:06,373 [WARN] PackLoader:240 - Cannot read IP mode file for STMicroelectronics.FP-SNS-MOTENV1.4.3.2
2023-11-30 00:00:06,378 [ERROR] RealEvaluatedCondition:428 - Found unsupported composite condition: GROUP='STM32_MetaDataManager' CLASS='Data Exchange'
2023-11-30 00:00:06,378 [ERROR] RealEvaluatedCondition:428 - Found unsupported composite condition: GROUP='STM32_MetaDataManager' CLASS='Data Exchange'
2023-11-30 00:00:06,379 [WARN] PackLoader:240 - Cannot read IP mode file for STMicroelectronics.FP-SNS-MOTENV1.4.3.1
2023-11-30 00:00:06,383 [WARN] PackLoader:240 - Cannot read IP mode file for STMicroelectronics.FP-SNS-FLIGHT1.5.0.1
2023-11-30 00:00:06,387 [WARN] PackLoader:240 - Cannot read IP mode file for STMicroelectronics.X-CUBE-BLE1.6.2.4
2023-11-30 00:00:06,389 [WARN] PackLoader:240 - Cannot read IP mode file for STMicroelectronics.FP-SNS-FLIGHT1.5.0.2
2023-11-30 00:00:06,394 [WARN] PackLoader:240 - Cannot read IP mode file for STMicroelectronics.X-CUBE-DISPLAY.3.0.0
2023-11-30 00:00:06,399 [WARN] PackLoader:240 - Cannot read IP mode file for STMicroelectronics.X-CUBE-BLE1.7.0.0
2023-11-30 00:00:06,402 [WARN] PackLoader:240 - Cannot read IP mode file for emotas.I-CUBE-CANOPEN.1.3.0
2023-11-30 00:00:06,404 [WARN] PackLoader:240 - Cannot read IP mode file for STMicroelectronics.X-CUBE-TOUCHGFX.4.22.0
2023-11-30 00:00:06,406 [WARN] PackLoader:240 - Cannot read IP mode file for STMicroelectronics.X-CUBE-TOUCHGFX.4.22.1
2023-11-30 00:00:06,407 [WARN] PackLoader:240 - Cannot read IP mode file for STMicroelectronics.FP-SNS-SMARTAG2.1.2.0
2023-11-30 00:00:06,417 [WARN] PackLoader:240 - Cannot read IP mode file for STMicroelectronics.X-CUBE-AZRTOS-WL.2.0.0
2023-11-30 00:00:06,422 [WARN] PackLoader:240 - Cannot read IP mode file for WES.I-CUBE-Cesium.1.3.0
2023-11-30 00:00:06,424 [WARN] PackLoader:240 - Cannot read IP mode file for STMicroelectronics.X-CUBE-BLE2.3.3.0
2023-11-30 00:00:06,426 [WARN] PackLoader:240 - Cannot read IP mode file for STMicroelectronics.X-CUBE-TOUCHGFX.4.21.4
2023-11-30 00:00:06,429 [WARN] PackLoader:240 - Cannot read IP mode file for STMicroelectronics.X-CUBE-ALGOBUILD.1.3.0
2023-11-30 00:00:06,444 [WARN] PackLoader:240 - Cannot read IP mode file for STMicroelectronics.X-CUBE-AZRTOS-G0.1.1.0
2023-11-30 00:00:06,449 [WARN] PackLoader:240 - Cannot read IP mode file for STMicroelectronics.X-CUBE-NFC4.3.0.0
2023-11-30 00:00:06,455 [WARN] PackLoader:240 - Cannot read IP mode file for STMicroelectronics.X-CUBE-BLEMGR.3.0.0
2023-11-30 00:00:06,458 [WARN] PackLoader:240 - Cannot read IP mode file for STMicroelectronics.FP-ATR-SIGFOX1.3.2.0
2023-11-30 00:00:06,478 [WARN] PackLoader:240 - Cannot read IP mode file for SEGGER.I-CUBE-embOS.1.3.1
2023-11-30 00:00:06,523 [WARN] PackLoader:240 - Cannot read IP mode file for STMicroelectronics.X-CUBE-GNSS1.6.0.0
2023-11-30 00:00:06,544 [WARN] PackLoader:240 - Cannot read IP mode file for STMicroelectronics.X-CUBE-AZRTOS-F4.1.1.0
2023-11-30 00:00:06,549 [WARN] PackLoader:240 - Cannot read IP mode file for wolfSSL.I-CUBE-wolfSSL.5.6.3
2023-11-30 00:00:06,553 [WARN] PackLoader:240 - Cannot read IP mode file for wolfSSL.I-CUBE-wolfSSL.5.6.0
2023-11-30 00:00:06,567 [WARN] PackLoader:240 - Cannot read IP mode file for STMicroelectronics.X-CUBE-AZRTOS-L5.2.0.0
2023-11-30 00:00:06,606 [WARN] PackLoader:240 - Cannot read IP mode file for STMicroelectronics.X-CUBE-MEMS1.9.6.0
2023-11-30 00:00:06,764 [WARN] PackLoader:240 - Cannot read IP mode file for STMicroelectronics.X-CUBE-EEPRMA1.4.2.0
2023-11-30 00:00:06,768 [WARN] PackLoader:240 - Cannot read IP mode file for ITTIA_DB.I-CUBE-ITTIADB.8.8.0
2023-11-30 00:00:06,772 [WARN] PackLoader:240 - Cannot read IP mode file for emotas.I-CUBE-CANOPEN.1.1.3
2023-11-30 00:00:06,778 [WARN] PackLoader:240 - Cannot read IP mode file for STMicroelectronics.X-CUBE-BLEMGR.2.0.0
2023-11-30 00:00:06,794 [WARN] ConditionMgr:438 - getConditionDescription Invalid condition id : UX DEVICE CLASS RTOS Condition cause : null
2023-11-30 00:00:06,794 [WARN] ConditionMgr:438 - getConditionDescription Invalid condition id : UX DEVICE CLASS RTOS Condition cause : null
2023-11-30 00:00:06,797 [WARN] PackLoader:240 - Cannot read IP mode file for STMicroelectronics.X-CUBE-AZRTOS-H7.3.1.0
2023-11-30 00:00:06,799 [WARN] ConditionMgr:1039 - genDependencies : Invalid condition id : UX DEVICE CLASS RTOS Condition cause : null
2023-11-30 00:00:06,799 [WARN] ConditionMgr:1039 - genDependencies : Invalid condition id : UX DEVICE CLASS RTOS Condition cause : null
2023-11-30 00:00:06,799 [WARN] ConditionMgr:1039 - genDependencies : Invalid condition id : UX DEVICE CLASS RTOS Condition cause : null
2023-11-30 00:00:06,800 [WARN] ConditionMgr:1039 - genDependencies : Invalid condition id : UX DEVICE CLASS RTOS Condition cause : null
2023-11-30 00:00:06,800 [WARN] ConditionMgr:1039 - genDependencies : Invalid condition id : UX DEVICE CLASS RTOS Condition cause : null
2023-11-30 00:00:06,805 [WARN] PackLoader:240 - Cannot read IP mode file for STMicroelectronics.X-CUBE-NFC7.1.0.1
2023-11-30 00:00:06,811 [WARN] PackLoader:240 - Cannot read IP mode file for STMicroelectronics.X-CUBE-NFC6.3.0.0
2023-11-30 00:00:06,816 [WARN] PackLoader:240 - Cannot read IP mode file for STMicroelectronics.X-CUBE-EEPRMA1.4.1.0
2023-11-30 00:00:06,819 [WARN] PackLoader:240 - Cannot read IP mode file for STMicroelectronics.X-CUBE-AI.8.1.0
2023-11-30 00:00:06,834 [WARN] ConditionMgr:438 - getConditionDescription Invalid condition id : LAN8742 Phy interface Condition cause : null
2023-11-30 00:00:06,835 [WARN] PackLoader:240 - Cannot read IP mode file for STMicroelectronics.X-CUBE-AZRTOS-L4.2.0.0
2023-11-30 00:00:06,836 [WARN] ConditionMgr:1039 - genDependencies : Invalid condition id : LAN8742 Phy interface Condition cause : null
2023-11-30 00:00:06,836 [WARN] ConditionMgr:1039 - genDependencies : Invalid condition id : LAN8742 Phy interface Condition cause : null
2023-11-30 00:00:06,837 [WARN] ConditionMgr:1039 - genDependencies : Invalid condition id : LAN8742 Phy interface Condition cause : null
2023-11-30 00:00:06,842 [WARN] PackLoader:240 - Cannot read IP mode file for STMicroelectronics.X-CUBE-SFXS2LP1.4.0.0
2023-11-30 00:00:06,845 [WARN] PackLoader:240 - Cannot read IP mode file for STMicroelectronics.X-CUBE-ISPU.1.1.0
2023-11-30 00:00:06,856 [WARN] ConditionMgr:438 - getConditionDescription Invalid condition id : UX DEVICE CLASS RTOS Condition cause : null
2023-11-30 00:00:06,856 [WARN] ConditionMgr:438 - getConditionDescription Invalid condition id : UX DEVICE CLASS RTOS Condition cause : null
2023-11-30 00:00:06,869 [WARN] PackLoader:240 - Cannot read IP mode file for STMicroelectronics.X-CUBE-AZRTOS-WB.2.0.0
2023-11-30 00:00:06,870 [WARN] ConditionMgr:1039 - genDependencies : Invalid condition id : UX DEVICE CLASS RTOS Condition cause : null
2023-11-30 00:00:06,870 [WARN] ConditionMgr:1039 - genDependencies : Invalid condition id : UX DEVICE CLASS RTOS Condition cause : null
2023-11-30 00:00:06,870 [WARN] ConditionMgr:1039 - genDependencies : Invalid condition id : UX DEVICE CLASS RTOS Condition cause : null
2023-11-30 00:00:06,871 [WARN] ConditionMgr:1039 - genDependencies : Invalid condition id : UX DEVICE CLASS RTOS Condition cause : null
2023-11-30 00:00:06,871 [WARN] ConditionMgr:1039 - genDependencies : Invalid condition id : UX DEVICE CLASS RTOS Condition cause : null
2023-11-30 00:00:06,874 [WARN] PackLoader:240 - Cannot read IP mode file for STMicroelectronics.X-CUBE-FREERTOS.1.0.1
2023-11-30 00:00:06,886 [WARN] PackLoader:240 - Cannot read IP mode file for STMicroelectronics.X-CUBE-AZRTOS-L5.1.1.0
2023-11-30 00:00:06,890 [WARN] PackLoader:240 - Cannot read IP mode file for STMicroelectronics.X-CUBE-AI.8.0.1
2023-11-30 00:00:06,897 [WARN] PackLoader:240 - Cannot read IP mode file for STMicroelectronics.X-CUBE-SUBG2.5.0.0
2023-11-30 00:00:06,909 [WARN] PackLoader:240 - Cannot read IP mode file for STMicroelectronics.X-CUBE-TOF1.3.3.1
2023-11-30 00:00:06,926 [WARN] PackLoader:240 - Cannot read IP mode file for STMicroelectronics.X-CUBE-AZRTOS-G4.2.0.0
2023-11-30 00:00:06,934 [WARN] PackLoader:240 - Cannot read IP mode file for STMicroelectronics.X-CUBE-TOF1.3.3.0
2023-11-30 00:00:06,950 [WARN] PackLoader:240 - Cannot read IP mode file for Infineon.AIROC-Wi-Fi-Bluetooth-STM32.1.5.1
2023-11-30 00:00:06,955 [WARN] PackLoader:240 - Cannot read IP mode file for STMicroelectronics.FP-SNS-MOTENVWB1.1.3.0
2023-11-30 00:00:06,957 [WARN] PackLoader:240 - Cannot read IP mode file for STMicroelectronics.FP-SNS-MOTENVWB1.1.3.1
2023-11-30 00:00:06,991 [WARN] PackLoader:240 - Cannot read IP mode file for STMicroelectronics.X-CUBE-MEMS1.10.0.0
2023-11-30 00:00:07,097 [WARN] PackLoader:240 - Cannot read IP mode file for STMicroelectronics.X-CUBE-FREERTOS.1.1.0
2023-11-30 00:00:07,100 [WARN] PackLoader:240 - Cannot read IP mode file for portGmbH.I-Cube-SoM-uGOAL.1.1.0
2023-11-30 00:00:07,102 [WARN] PackLoader:240 - Cannot read IP mode file for STMicroelectronics.X-CUBE-ALS.1.0.1
2023-11-30 00:00:07,115 [WARN] PackLoader:240 - Cannot read IP mode file for STMicroelectronics.X-CUBE-AZRTOS-WB.1.1.0
2023-11-30 00:00:07,118 [WARN] PackLoader:240 - Cannot read IP mode file for STMicroelectronics.FP-ATR-ASTRA1.2.0.0
2023-11-30 00:00:07,125 [WARN] PackLoader:240 - Cannot read IP mode file for STMicroelectronics.X-CUBE-TOF1.3.4.0
2023-11-30 00:00:07,134 [INFO] ThirdParty:978 - Integrity check success = true
2023-11-30 00:00:07,134 [INFO] IntegrityCheckThread:100 - exiting critical section [integrity check]
2023-11-30 00:00:07,134 [INFO] IntegrityCheckThread:103 - End integrity checks thread
2023-11-30 00:00:07,134 [INFO] ThirdParty:873 - entering critical section [close project]
2023-11-30 00:00:07,135 [INFO] ThirdParty:883 - exiting critical section [close project]
2023-11-30 00:00:07,138 [INFO] PinOutPanel:1499 - setPackage(No Configuration,No Configuration)
2023-11-30 00:00:07,143 [INFO] UtilMem:75 - Begin LoadConfig() Used Memory: 190823168 Bytes (573571072)
2023-11-30 00:00:07,144 [INFO] MicroXplorer:468 - Change Database Path : 
2023-11-30 00:00:07,144 [INFO] MicroXplorer:498 - Change Database Version : DB.6.0.81
2023-11-30 00:00:07,144 [INFO] OpenFileManager:308 - Change cursor
2023-11-30 00:00:07,174 [INFO] Mcu:1937 - Initializing MCU STM32F411C(C-E)Ux STM32F411CEUx STM32F411CEU6
2023-11-30 00:00:07,849 [INFO] Context:659 - Trying to add GPIOservice into a context  which must be forbidden
2023-11-30 00:00:08,224 [INFO] RtosManager:555 - Registered RTOS mode: class=CMSIS, group=RTOS, mode=CMSIS_V1, owner=FREERTOS
2023-11-30 00:00:08,225 [INFO] RtosManager:555 - Registered RTOS mode: class=CMSIS, group=RTOS2, mode=CMSIS_V2, owner=FREERTOS
2023-11-30 00:00:08,225 [INFO] RtosManager:555 - Registered RTOS mode: class=RTOS, group=Core, mode=CMSIS_V1, owner=FREERTOS
2023-11-30 00:00:08,225 [INFO] RtosManager:555 - Registered RTOS mode: class=RTOS, group=Core, mode=CMSIS_V2, owner=FREERTOS
2023-11-30 00:00:08,225 [WARN] ModelIntegratedComponent:184 - Missing modes for component STMicroelectronics:FreeRTOS:0.0.1:STMicroelectronics:RTOS:FreeRTOS:Core:::10.2.0:
2023-11-30 00:00:08,228 [WARN] ModelIntegratedComponent:182 - Modes not found for component STMicroelectronics:USB_HOST:1.0.0:STMicroelectronics:USB::USB Host:Audio HS::1.0:USB_HOST_1_0_RESTRICTED_HS
2023-11-30 00:00:08,228 [WARN] ModelIntegratedComponent:188 - Modes not found for component STMicroelectronics:USB_HOST:1.0.0:STMicroelectronics:USB::USB Host:Audio HS::1.0:USB_HOST_1_0_RESTRICTED_HS
2023-11-30 00:00:08,228 [WARN] ModelIntegratedComponent:182 - Modes not found for component STMicroelectronics:USB_HOST:1.0.0:STMicroelectronics:USB::USB Host:CDC HS::1.0:USB_HOST_1_0_RESTRICTED_HS
2023-11-30 00:00:08,228 [WARN] ModelIntegratedComponent:188 - Modes not found for component STMicroelectronics:USB_HOST:1.0.0:STMicroelectronics:USB::USB Host:CDC HS::1.0:USB_HOST_1_0_RESTRICTED_HS
2023-11-30 00:00:08,228 [WARN] ModelIntegratedComponent:182 - Modes not found for component STMicroelectronics:USB_HOST:1.0.0:STMicroelectronics:USB::USB Host:MSC HS::1.0:USB_HOST_1_0_RESTRICTED_HS
2023-11-30 00:00:08,228 [WARN] ModelIntegratedComponent:188 - Modes not found for component STMicroelectronics:USB_HOST:1.0.0:STMicroelectronics:USB::USB Host:MSC HS::1.0:USB_HOST_1_0_RESTRICTED_HS
2023-11-30 00:00:08,228 [WARN] ModelIntegratedComponent:182 - Modes not found for component STMicroelectronics:USB_HOST:1.0.0:STMicroelectronics:USB::USB Host:HID HS::1.0:USB_HOST_1_0_RESTRICTED_HS
2023-11-30 00:00:08,228 [WARN] ModelIntegratedComponent:188 - Modes not found for component STMicroelectronics:USB_HOST:1.0.0:STMicroelectronics:USB::USB Host:HID HS::1.0:USB_HOST_1_0_RESTRICTED_HS
2023-11-30 00:00:08,228 [WARN] ModelIntegratedComponent:182 - Modes not found for component STMicroelectronics:USB_HOST:1.0.0:STMicroelectronics:USB::USB Host:MTP HS::1.0:USB_HOST_1_0_RESTRICTED_HS
2023-11-30 00:00:08,228 [WARN] ModelIntegratedComponent:188 - Modes not found for component STMicroelectronics:USB_HOST:1.0.0:STMicroelectronics:USB::USB Host:MTP HS::1.0:USB_HOST_1_0_RESTRICTED_HS
2023-11-30 00:00:08,237 [WARN] ModelIntegratedComponent:63 - No mode defined for component null
2023-11-30 00:00:08,238 [WARN] ModelIntegratedComponent:63 - No mode defined for component null
2023-11-30 00:00:08,238 [WARN] ModelIntegratedComponent:63 - No mode defined for component null
2023-11-30 00:00:08,238 [WARN] ModelIntegratedComponent:63 - No mode defined for component null
2023-11-30 00:00:08,238 [WARN] ModelIntegratedComponent:63 - No mode defined for component null
2023-11-30 00:00:08,238 [WARN] ModelIntegratedComponent:63 - No mode defined for component null
2023-11-30 00:00:08,238 [WARN] ModelIntegratedComponent:63 - No mode defined for component null
2023-11-30 00:00:08,238 [WARN] ModelIntegratedComponent:63 - No mode defined for component null
2023-11-30 00:00:08,238 [WARN] ModelIntegratedComponent:63 - No mode defined for component null
2023-11-30 00:00:08,238 [WARN] ModelIntegratedComponent:63 - No mode defined for component null
2023-11-30 00:00:08,238 [WARN] ModelIntegratedComponent:63 - No mode defined for component null
2023-11-30 00:00:08,238 [WARN] ModelIntegratedComponent:63 - No mode defined for component null
2023-11-30 00:00:08,238 [WARN] ModelIntegratedComponent:63 - No mode defined for component null
2023-11-30 00:00:08,238 [WARN] ModelIntegratedComponent:63 - No mode defined for component null
2023-11-30 00:00:08,238 [WARN] ModelIntegratedComponent:63 - No mode defined for component null
2023-11-30 00:00:08,238 [WARN] ModelIntegratedComponent:63 - No mode defined for component null
2023-11-30 00:00:08,238 [WARN] ModelIntegratedComponent:63 - No mode defined for component null
2023-11-30 00:00:08,238 [WARN] ModelIntegratedComponent:63 - No mode defined for component null
2023-11-30 00:00:08,238 [WARN] ModelIntegratedComponent:63 - No mode defined for component null
2023-11-30 00:00:08,238 [WARN] ModelIntegratedComponent:63 - No mode defined for component null
2023-11-30 00:00:08,238 [WARN] ModelIntegratedComponent:63 - No mode defined for component null
2023-11-30 00:00:08,238 [WARN] ModelIntegratedComponent:63 - No mode defined for component null
2023-11-30 00:00:08,239 [WARN] ModelIntegratedComponent:63 - No mode defined for component null
2023-11-30 00:00:08,239 [WARN] ModelIntegratedComponent:63 - No mode defined for component null
2023-11-30 00:00:08,239 [WARN] ModelIntegratedComponent:63 - No mode defined for component null
2023-11-30 00:00:08,239 [WARN] ModelIntegratedComponent:63 - No mode defined for component null
2023-11-30 00:00:08,239 [WARN] ModelIntegratedComponent:63 - No mode defined for component null
2023-11-30 00:00:08,239 [WARN] ModelIntegratedComponent:63 - No mode defined for component null
2023-11-30 00:00:08,239 [WARN] ModelIntegratedComponent:63 - No mode defined for component null
2023-11-30 00:00:08,239 [WARN] ModelIntegratedComponent:63 - No mode defined for component null
2023-11-30 00:00:08,239 [WARN] ModelIntegratedComponent:63 - No mode defined for component null
2023-11-30 00:00:08,239 [WARN] ModelIntegratedComponent:63 - No mode defined for component null
2023-11-30 00:00:08,239 [WARN] ModelIntegratedComponent:63 - No mode defined for component null
2023-11-30 00:00:08,300 [WARN] ModelIntegratedComponent:182 - Modes not found for component STMicroelectronics:USB_DEVICE:1.0.0:STMicroelectronics:USB::USB Device:Audio HS::1.0:USB_DEVICE_1_0_RESTRICTED_HS
2023-11-30 00:00:08,300 [WARN] ModelIntegratedComponent:188 - Modes not found for component STMicroelectronics:USB_DEVICE:1.0.0:STMicroelectronics:USB::USB Device:Audio HS::1.0:USB_DEVICE_1_0_RESTRICTED_HS
2023-11-30 00:00:08,300 [WARN] ModelIntegratedComponent:182 - Modes not found for component STMicroelectronics:USB_DEVICE:1.0.0:STMicroelectronics:USB::USB Device:CDC HS::1.0:USB_DEVICE_1_0_RESTRICTED_HS
2023-11-30 00:00:08,300 [WARN] ModelIntegratedComponent:188 - Modes not found for component STMicroelectronics:USB_DEVICE:1.0.0:STMicroelectronics:USB::USB Device:CDC HS::1.0:USB_DEVICE_1_0_RESTRICTED_HS
2023-11-30 00:00:08,300 [WARN] ModelIntegratedComponent:182 - Modes not found for component STMicroelectronics:USB_DEVICE:1.0.0:STMicroelectronics:USB::USB Device:DFU HS::1.0:USB_DEVICE_1_0_RESTRICTED_HS
2023-11-30 00:00:08,300 [WARN] ModelIntegratedComponent:188 - Modes not found for component STMicroelectronics:USB_DEVICE:1.0.0:STMicroelectronics:USB::USB Device:DFU HS::1.0:USB_DEVICE_1_0_RESTRICTED_HS
2023-11-30 00:00:08,300 [WARN] ModelIntegratedComponent:182 - Modes not found for component STMicroelectronics:USB_DEVICE:1.0.0:STMicroelectronics:USB::USB Device:HID HS::1.0:USB_DEVICE_1_0_RESTRICTED_HS
2023-11-30 00:00:08,300 [WARN] ModelIntegratedComponent:188 - Modes not found for component STMicroelectronics:USB_DEVICE:1.0.0:STMicroelectronics:USB::USB Device:HID HS::1.0:USB_DEVICE_1_0_RESTRICTED_HS
2023-11-30 00:00:08,300 [WARN] ModelIntegratedComponent:182 - Modes not found for component STMicroelectronics:USB_DEVICE:1.0.0:STMicroelectronics:USB::USB Device:Custom HID HS::1.0:USB_DEVICE_1_0_RESTRICTED_HS
2023-11-30 00:00:08,300 [WARN] ModelIntegratedComponent:188 - Modes not found for component STMicroelectronics:USB_DEVICE:1.0.0:STMicroelectronics:USB::USB Device:Custom HID HS::1.0:USB_DEVICE_1_0_RESTRICTED_HS
2023-11-30 00:00:08,300 [WARN] ModelIntegratedComponent:182 - Modes not found for component STMicroelectronics:USB_DEVICE:1.0.0:STMicroelectronics:USB::USB Device:MSC HS::1.0:USB_DEVICE_1_0_RESTRICTED_HS
2023-11-30 00:00:08,300 [WARN] ModelIntegratedComponent:188 - Modes not found for component STMicroelectronics:USB_DEVICE:1.0.0:STMicroelectronics:USB::USB Device:MSC HS::1.0:USB_DEVICE_1_0_RESTRICTED_HS
2023-11-30 00:00:08,317 [INFO] ThirdPartyModel:298 - Start build external matchings
2023-11-30 00:00:08,905 [INFO] ThirdPartyModel:316 - End build external matchings
2023-11-30 00:00:08,927 [INFO] ImportTextPane:194 - (OptionalMessage_ERROR) IP (RCC) : Parameter (RTCHSEDivFreq_Value) has invalid value (12500000)
2023-11-30 00:00:09,026 [INFO] UtilMem:75 - End LoadConfig() Used Memory: 357631984 Bytes (573571072)
2023-11-30 00:00:09,082 [INFO] ApiDb:581 - Connected to CubeFinder SQLite database (/home/lord448/.stmcufinder/plugins/mcufinder/mcu/cube-finder-db.db)
2023-11-30 00:00:09,135 [INFO] ApiDb:668 - CubeFinder database Data Model version=2.1
2023-11-30 00:00:09,135 [INFO] ApiDb:669 - CubeFinder database Configuration version=3.0.39
2023-11-30 00:00:09,135 [INFO] ApiDb:670 - CubeFinder database generation date=2023-11-06 (1699269565)
2023-11-30 00:00:09,136 [INFO] ApiDb:671 - CubeFinder database FW Pack versions=[FP-ATR-ASTRA1_V2.0.0, FP-SNS-FLIGHT1_V5.0.1, FP-SNS-FLIGHT1_V5.0.2, FP-SNS-MOTENV1_V4.3.1, FP-SNS-MOTENV1_V4.3.2, FP-SNS-MOTENVWB1_V1.3.0, FP-SNS-SMARTAG2_V1.2.0, STM32Cube_FW_C0_V1.1.0, STM32Cube_FW_F4_V1.28.0, STM32Cube_FW_F7_V1.17.0, STM32Cube_FW_G0_V1.6.1, STM32Cube_FW_G4_V1.5.1, STM32Cube_FW_H5_V0.5.1, STM32Cube_FW_H5_V1.1.1, STM32Cube_FW_H5_V1.2.0RC2, STM32Cube_FW_H7_V1.11.0, STM32Cube_FW_L0_V1.12.2, STM32Cube_FW_L5_V1.5.0, STM32Cube_FW_U5_V1.3.0RC4, STM32Cube_FW_U5_V1.4.0, STM32Cube_FW_WBA_V1.0.0RC1, STM32Cube_FW_WBA_V1.1.0RC1, STM32Cube_FW_WBA_V1.2.0, STM32Cube_FW_WBA_V1.2.0RC2, STM32Cube_FW_WB_V1.15.0RC1, STM32Cube_FW_WB_V1.16.0, STM32Cube_FW_WB_V1.16.0RC2, STM32Cube_FW_WB_V1.18.0, STM32Cube_FW_WL_V1.3.0, X-CUBE-ALGOBUILD_V1.3.0, X-CUBE-ALS_V1.0.1, X-CUBE-AZRTOS-F4_V1.1.0, X-CUBE-AZRTOS-F7_V1.1.0, X-CUBE-AZRTOS-G0_V1.1.0, X-CUBE-AZRTOS-G4_V2.0.0, X-CUBE-AZRTOS-H7_V3.1.0, X-CUBE-AZRTOS-L4_V1.0.0, X-CUBE-AZRTOS-L4_V2.0.0, X-CUBE-AZRTOS-L5_V1.1.0, X-CUBE-AZRTOS-WB_V2.0.0, X-CUBE-AZRTOS-WL_V2.0.0, X-CUBE-BLE1_V7.0.0, X-CUBE-BLE2_V3.3.0, X-CUBE-BLEMGR_V2.0.0, X-CUBE-EEPRMA1_V4.1.0, X-CUBE-EEPRMA1_V4.2.0, X-CUBE-FREERTOS_V1.1.0, X-CUBE-GNSS1_V6.0.0, X-CUBE-MEMS1_V10.0.0, X-CUBE-MEMS1_V9.1.0, X-CUBE-MEMS1_V9.4.0, X-CUBE-MEMS1_V9.6.0, X-CUBE-NFC4_V3.0.0, X-CUBE-NFC7_V1.0.1, X-CUBE-SFXS2LP1_V4.0.0, X-CUBE-SUBG2_V5.0.0, X-CUBE-TOF1_V3.3.1]
2023-11-30 00:00:11,087 [INFO] ApiDb:240 - Found 297 in-development CPN: [B-G473E-ZEST1S, B-WB1M-WPAN1, B-WL5M-SUBG1, NUCLEO-C031C6, NUCLEO-H503RB, NUCLEO-H563ZI, NUCLEO-U545RE-Q, NUCLEO-U5A5ZJ-Q, NUCLEO-WBA52CG, STEVAL-PROTEUS1, STEVAL-STWINBX1, STM320518-EVAL, STM32C0116-DK, STM32C011D6Y3TR, STM32C011D6Y6TR, STM32C011F4P3, STM32C011F4P6, STM32C011F4U3, STM32C011F4U6TR, STM32C011F6P3, STM32C011F6P6, STM32C011F6U3, STM32C011F6U6TR, STM32C011J4M3, STM32C011J4M6, STM32C011J6M3, STM32C011J6M6, STM32C0316-DK, STM32C031C4T3, STM32C031C4T6, STM32C031C4U3, STM32C031C4U6, STM32C031C6T3, STM32C031C6T6, STM32C031C6U3, STM32C031C6U6, STM32C031F4P3, STM32C031F4P6, STM32C031F6P3, STM32C031F6P6, STM32C031G4U3, STM32C031G4U6, STM32C031G6U3, STM32C031G6U6, STM32C031K4T3, STM32C031K4T6, STM32C031K4U3, STM32C031K4U6, STM32C031K6T3, STM32C031K6T6, STM32C031K6U3, STM32C031K6U6, STM32G071K8TXN, STM32G071K8UXN, STM32G081GBU6N, STM32G081KBT6N, STM32G081KBUXN, STM32G0B1CCT6N, STM32G0B1KCT6, STM32G0B1NEY6TR, STM32G0B1RCT6N, STM32G0C1CCT6, STM32G0C1CCT6N, STM32G0C1CCU6N, STM32G0C1CET6N, STM32G0C1CEU6N, STM32G0C1KCT6, STM32G0C1NEY6TR, STM32G0C1RCI6N, STM32G0C1RCT6N, STM32G0C1REI6N, STM32G0C1RET6N, STM32G0C1VCI6, STM32G0C1VEI6, STM32G471CCT6, STM32G471CCU6, STM32G471CET3, STM32G471CET6, STM32G471CEU3, STM32G471CEU6, STM32G471MCT6, STM32G471MET3, STM32G471MET6, STM32G471MEY6TR, STM32G471QCT6, STM32G471QET3, STM32G471RCT6, STM32G471RET3, STM32G471RET6, STM32G471VCH6, STM32G471VCI6, STM32G471VCT6, STM32G471VEH3, STM32G471VEH6, STM32G471VEI3, STM32G471VEI6, STM32G471VET3, STM32G471VET6, STM32G474CCT6, STM32H503CBT6, STM32H503CBU6, STM32H503EBY6TR, STM32H503KBU6, STM32H503RBT6, STM32H562AGI6, STM32H562AII6, STM32H562IGK6, STM32H562IGT6, STM32H562IIK6, STM32H562IIT6, STM32H562RGT6, STM32H562RGV6, STM32H562RIT6, STM32H562RIV6, STM32H562VGT6, STM32H562VIT6, STM32H562ZGT6, STM32H562ZIT6, STM32H563AGI6, STM32H563AII3Q, STM32H563AII6, STM32H563IGK6, STM32H563IGT6, STM32H563IIK3Q, STM32H563IIK6, STM32H563IIT3Q, STM32H563IIT6, STM32H563MIY3QTR, STM32H563RGT6, STM32H563RGV6, STM32H563RIT6, STM32H563RIV6, STM32H563VGT6, STM32H563VIT3Q, STM32H563VIT6, STM32H563ZGT6, STM32H563ZIT3Q, STM32H563ZIT6, STM32H573AII3Q, STM32H573AII6, STM32H573I-DK, STM32H573IIK3Q, STM32H573IIK6, STM32H573IIT3Q, STM32H573IIT6, STM32H573MIY3QTR, STM32H573RIT6, STM32H573RIV6, STM32H573VIT3Q, STM32H573VIT6, STM32H573ZIT3Q, STM32H573ZIT6, STM32L4R5QGI6STR, STM32MP131AAE3, STM32MP131AAF3, STM32MP131AAG3, STM32MP131CAE3, STM32MP131CAF3, STM32MP131CAG3, STM32MP131DAE7, STM32MP131DAF7, STM32MP131DAG7, STM32MP131FAE7, STM32MP131FAF7, STM32MP131FAG7, STM32MP133AAE3, STM32MP133AAF3, STM32MP133AAG3, STM32MP133CAE3, STM32MP133CAF3, STM32MP133CAG3, STM32MP133DAE7, STM32MP133DAF7, STM32MP133DAG7, STM32MP133FAE7, STM32MP133FAF7, STM32MP133FAG7, STM32MP135AAE3, STM32MP135AAF3, STM32MP135AAG3, STM32MP135CAE3, STM32MP135CAF3, STM32MP135CAG3, STM32MP135DAE7, STM32MP135DAF7, STM32MP135DAG7, STM32MP135F-DK, STM32MP135FAE7, STM32MP135FAF7, STM32MP135FAF7T, STM32MP135FAF7U, STM32MP135FAG7, STM32U535CBT6, STM32U535CBT6Q, STM32U535CBU6, STM32U535CBU6Q, STM32U535CCT6, STM32U535CCT6Q, STM32U535CCU6, STM32U535CCU6Q, STM32U535CET6, STM32U535CET6Q, STM32U535CEU6, STM32U535CEU6Q, STM32U535JEY6QTR, STM32U535NCY6QTR, STM32U535NEY6QTR, STM32U535RBI6, STM32U535RBI6Q, STM32U535RBT6, STM32U535RBT6Q, STM32U535RCI6, STM32U535RCI6Q, STM32U535RCT6, STM32U535RCT6Q, STM32U535REI6, STM32U535REI6Q, STM32U535RET6, STM32U535RET6Q, STM32U535VCI6, STM32U535VCI6Q, STM32U535VCT6, STM32U535VCT6Q, STM32U535VEI6, STM32U535VEI6Q, STM32U535VET6, STM32U535VET6Q, STM32U545CET6, STM32U545CET6Q, STM32U545CEU6, STM32U545CEU6Q, STM32U545JEY6QTR, STM32U545NEY6QTR, STM32U545REI6, STM32U545REI6Q, STM32U545RET6, STM32U545RET6Q, STM32U545VEI6, STM32U545VEI6Q, STM32U545VET6, STM32U545VET6Q, STM32U595AIH6, STM32U595AIH6Q, STM32U595AJH6, STM32U595AJH6Q, STM32U595QII6, STM32U595QII6Q, STM32U595QJI6, STM32U595QJI6Q, STM32U595RIT6, STM32U595RIT6Q, STM32U595RJT6, STM32U595RJT6Q, STM32U595VIT6, STM32U595VIT6Q, STM32U595VJT6, STM32U595VJT6Q, STM32U595ZIT6, STM32U595ZIT6Q, STM32U595ZIY6QTR, STM32U595ZJT6, STM32U595ZJT6Q, STM32U595ZJY6QTR, STM32U599BJY6QTR, STM32U599NIH6Q, STM32U599NJH6Q, STM32U599VIT6Q, STM32U599VJT6, STM32U599VJT6Q, STM32U599ZIT6Q, STM32U599ZIY6QTR, STM32U599ZJT6Q, STM32U599ZJY6QTR, STM32U5A5AJH6, STM32U5A5AJH6Q, STM32U5A5QJI6, STM32U5A5QJI6Q, STM32U5A5RJT6, STM32U5A5RJT6Q, STM32U5A5VJT6, STM32U5A5VJT6Q, STM32U5A5ZJT6, STM32U5A5ZJT6Q, STM32U5A5ZJY6QTR, STM32U5A9BJY6QTR, STM32U5A9J-DK, STM32U5A9NJH6Q, STM32U5A9VJT6Q, STM32U5A9ZJT6Q, STM32U5A9ZJY6QTR, STM32WB1MMCH6, STM32WBA52CEU6, STM32WBA52CEU6T, STM32WBA52CGU6, STM32WBA52CGU6T, STM32WL5MOCH6, STM32WL5MOCH6TR]
2023-11-30 00:00:11,089 [INFO] DbMcus:216 - Found 3861 MCUs, 3861 are supported
2023-11-30 00:00:11,091 [INFO] ApiDb:423 - Load user favorites file /home/lord448/.stm32cubeide/favorites.mcus.txt: 4 item(s)
2023-11-30 00:00:11,091 [INFO] ApiDb:427 - User favorites MCUs=[STM32F103C6T6A, STM32F103C8T6, STM32F401CEU6, STM32F411CEU6]
2023-11-30 00:00:11,091 [INFO] DbMcus:222 - Set 4 / 4 favorites MCUs
2023-11-30 00:00:11,384 [WARN] ThirdParty:833 - waiting for thirdparty lock release [change project]
2023-11-30 00:00:11,384 [INFO] ThirdParty:835 - entering critical section [change project]
2023-11-30 00:00:11,384 [INFO] ThirdParty:1030 - CMSIS Pack Vendor :STMicroelectronics X-CUBE-ISPU 1.1.0
2023-11-30 00:00:11,384 [INFO] ThirdParty:1030 - CMSIS Pack Vendor :STMicroelectronics X-CUBE-GNSS1 6.0.0
2023-11-30 00:00:11,384 [INFO] ThirdParty:1030 - CMSIS Pack Vendor :STMicroelectronics USB_HOST 2.0.0
2023-11-30 00:00:11,384 [INFO] ThirdParty:1030 - CMSIS Pack Vendor :STMicroelectronics X-CUBE-AZRTOS-F4 1.1.0
2023-11-30 00:00:11,384 [INFO] ThirdParty:1030 - CMSIS Pack Vendor :STMicroelectronics LIBJPEG 8.0.0
2023-11-30 00:00:11,384 [INFO] ThirdParty:1030 - CMSIS Pack Vendor :wolfSSL I-CUBE-wolfSSL 5.6.3
2023-11-30 00:00:11,384 [INFO] ThirdParty:1030 - CMSIS Pack Vendor :STMicroelectronics X-CUBE-SMBUS 2.1.0
2023-11-30 00:00:11,384 [INFO] ThirdParty:1030 - CMSIS Pack Vendor :wolfSSL I-CUBE-wolfSSL 5.6.0
2023-11-30 00:00:11,384 [INFO] ThirdParty:1030 - CMSIS Pack Vendor :STMicroelectronics USB_DEVICE 3.0.0
2023-11-30 00:00:11,384 [INFO] ThirdParty:1030 - CMSIS Pack Vendor :STMicroelectronics X-CUBE-AZRTOS-WB 2.0.0
2023-11-30 00:00:11,384 [INFO] ThirdParty:1030 - CMSIS Pack Vendor :STMicroelectronics X-CUBE-FREERTOS 1.0.1
2023-11-30 00:00:11,384 [INFO] ThirdParty:1030 - CMSIS Pack Vendor :STMicroelectronics X-CUBE-AZRTOS-F7 1.1.0
2023-11-30 00:00:11,384 [INFO] ThirdParty:1030 - CMSIS Pack Vendor :STMicroelectronics X-CUBE-TOUCHGFX 4.21.4
2023-11-30 00:00:11,384 [INFO] ThirdParty:1030 - CMSIS Pack Vendor :STMicroelectronics X-CUBE-AZRTOS-L5 2.0.0
2023-11-30 00:00:11,385 [INFO] ThirdParty:1030 - CMSIS Pack Vendor :STMicroelectronics USB_DEVICE 2.0.0
2023-11-30 00:00:11,385 [INFO] ThirdParty:1030 - CMSIS Pack Vendor :STMicroelectronics X-CUBE-MEMS1 9.6.0
2023-11-30 00:00:11,385 [INFO] ThirdParty:1030 - CMSIS Pack Vendor :STMicroelectronics X-CUBE-EEPRMA1 4.2.0
2023-11-30 00:00:11,385 [INFO] ThirdParty:1030 - CMSIS Pack Vendor :ITTIA_DB I-CUBE-ITTIADB 8.8.0
2023-11-30 00:00:11,385 [INFO] ThirdParty:1030 - CMSIS Pack Vendor :STMicroelectronics FP-SNS-MOTENV1 4.3.2
2023-11-30 00:00:11,385 [INFO] ThirdParty:1030 - CMSIS Pack Vendor :STMicroelectronics FP-SNS-MOTENV1 4.3.1
2023-11-30 00:00:11,385 [INFO] ThirdParty:1030 - CMSIS Pack Vendor :STMicroelectronics FP-SNS-FLIGHT1 5.0.1
2023-11-30 00:00:11,385 [INFO] ThirdParty:1030 - CMSIS Pack Vendor :STMicroelectronics X-CUBE-ALGOBUILD 1.3.0
2023-11-30 00:00:11,385 [INFO] ThirdParty:1030 - CMSIS Pack Vendor :STMicroelectronics X-CUBE-BLE1 6.2.4
2023-11-30 00:00:11,385 [INFO] ThirdParty:1030 - CMSIS Pack Vendor :STMicroelectronics X-CUBE-AZRTOS-L5 1.1.0
2023-11-30 00:00:11,385 [INFO] ThirdParty:1030 - CMSIS Pack Vendor :STMicroelectronics FreeRTOS 0.0.1
2023-11-30 00:00:11,385 [INFO] ThirdParty:1030 - CMSIS Pack Vendor :STMicroelectronics X-CUBE-AZRTOS-G0 1.1.0
2023-11-30 00:00:11,385 [INFO] ThirdParty:1030 - CMSIS Pack Vendor :emotas I-CUBE-CANOPEN 1.1.3
2023-11-30 00:00:11,385 [INFO] ThirdParty:1030 - CMSIS Pack Vendor :STMicroelectronics X-CUBE-BLEMGR 2.0.0
2023-11-30 00:00:11,385 [INFO] ThirdParty:1030 - CMSIS Pack Vendor :STMicroelectronics X-CUBE-AI 8.0.1
2023-11-30 00:00:11,385 [INFO] ThirdParty:1030 - CMSIS Pack Vendor :STMicroelectronics X-CUBE-NFC4 3.0.0
2023-11-30 00:00:11,385 [INFO] ThirdParty:1030 - CMSIS Pack Vendor :STMicroelectronics X-CUBE-SUBG2 5.0.0
2023-11-30 00:00:11,385 [INFO] ThirdParty:1030 - CMSIS Pack Vendor :STMicroelectronics STM32_WPAN 1.0.0
2023-11-30 00:00:11,385 [INFO] ThirdParty:1030 - CMSIS Pack Vendor :STMicroelectronics lwIP 2.0.3
2023-11-30 00:00:11,385 [INFO] ThirdParty:1030 - CMSIS Pack Vendor :STMicroelectronics FP-SNS-FLIGHT1 5.0.2
2023-11-30 00:00:11,385 [INFO] ThirdParty:1030 - CMSIS Pack Vendor :STMicroelectronics USB_HOST 1.0.0
2023-11-30 00:00:11,385 [INFO] ThirdParty:1030 - CMSIS Pack Vendor :STMicroelectronics X-CUBE-TOF1 3.3.1
2023-11-30 00:00:11,385 [INFO] ThirdParty:1030 - CMSIS Pack Vendor :STMicroelectronics X-CUBE-AZRTOS-G4 2.0.0
2023-11-30 00:00:11,385 [INFO] ThirdParty:1030 - CMSIS Pack Vendor :STMicroelectronics PDM2PCM 3.1.0
2023-11-30 00:00:11,385 [INFO] ThirdParty:1030 - CMSIS Pack Vendor :STMicroelectronics X-CUBE-AZRTOS-H7 3.1.0
2023-11-30 00:00:11,385 [INFO] ThirdParty:1030 - CMSIS Pack Vendor :STMicroelectronics X-CUBE-TOF1 3.3.0
2023-11-30 00:00:11,385 [INFO] ThirdParty:1030 - CMSIS Pack Vendor :Infineon AIROC-Wi-Fi-Bluetooth-STM32 1.5.1
2023-11-30 00:00:11,385 [INFO] ThirdParty:1030 - CMSIS Pack Vendor :STMicroelectronics X-CUBE-BLEMGR 3.0.0
2023-11-30 00:00:11,385 [INFO] ThirdParty:1030 - CMSIS Pack Vendor :STMicroelectronics PDM2PCM 3.3.0
2023-11-30 00:00:11,385 [INFO] ThirdParty:1030 - CMSIS Pack Vendor :STMicroelectronics X-CUBE-DISPLAY 3.0.0
2023-11-30 00:00:11,386 [INFO] ThirdParty:1030 - CMSIS Pack Vendor :STMicroelectronics FP-SNS-MOTENVWB1 1.3.0
2023-11-30 00:00:11,386 [INFO] ThirdParty:1030 - CMSIS Pack Vendor :STMicroelectronics FP-SNS-MOTENVWB1 1.3.1
2023-11-30 00:00:11,386 [INFO] ThirdParty:1030 - CMSIS Pack Vendor :STMicroelectronics X-CUBE-BLE1 7.0.0
2023-11-30 00:00:11,386 [INFO] ThirdParty:1030 - CMSIS Pack Vendor :STMicroelectronics FP-ATR-SIGFOX1 3.2.0
2023-11-30 00:00:11,386 [INFO] ThirdParty:1030 - CMSIS Pack Vendor :STMicroelectronics HAL Drivers 0.0.0
2023-11-30 00:00:11,386 [INFO] ThirdParty:1030 - CMSIS Pack Vendor :STMicroelectronics MBEDTLS 2.16.2
2023-11-30 00:00:11,386 [INFO] ThirdParty:1030 - CMSIS Pack Vendor :emotas I-CUBE-CANOPEN 1.3.0
2023-11-30 00:00:11,386 [INFO] ThirdParty:1030 - CMSIS Pack Vendor :STMicroelectronics X-CUBE-MEMS1 10.0.0
2023-11-30 00:00:11,386 [INFO] ThirdParty:1030 - CMSIS Pack Vendor :STMicroelectronics X-CUBE-FREERTOS 1.1.0
2023-11-30 00:00:11,386 [INFO] ThirdParty:1030 - CMSIS Pack Vendor :STMicroelectronics X-CUBE-TOUCHGFX 4.22.0
2023-11-30 00:00:11,386 [INFO] ThirdParty:1030 - CMSIS Pack Vendor :STMicroelectronics X-CUBE-NFC7 1.0.1
2023-11-30 00:00:11,386 [INFO] ThirdParty:1030 - CMSIS Pack Vendor :STMicroelectronics MBEDTLS 2.14.1
2023-11-30 00:00:11,386 [INFO] ThirdParty:1030 - CMSIS Pack Vendor :STMicroelectronics X-CUBE-TOUCHGFX 4.22.1
2023-11-30 00:00:11,386 [INFO] ThirdParty:1030 - CMSIS Pack Vendor :STMicroelectronics X-CUBE-NFC6 3.0.0
2023-11-30 00:00:11,386 [INFO] ThirdParty:1030 - CMSIS Pack Vendor :STMicroelectronics X-CUBE-EEPRMA1 4.1.0
2023-11-30 00:00:11,386 [INFO] ThirdParty:1030 - CMSIS Pack Vendor :portGmbH I-Cube-SoM-uGOAL 1.1.0
2023-11-30 00:00:11,386 [INFO] ThirdParty:1030 - CMSIS Pack Vendor :STMicroelectronics X-CUBE-ALS 1.0.1
2023-11-30 00:00:11,386 [INFO] ThirdParty:1030 - CMSIS Pack Vendor :STMicroelectronics ThreadX 1.0.0
2023-11-30 00:00:11,386 [INFO] ThirdParty:1030 - CMSIS Pack Vendor :STMicroelectronics FP-SNS-SMARTAG2 1.2.0
2023-11-30 00:00:11,386 [INFO] ThirdParty:1030 - CMSIS Pack Vendor :STMicroelectronics X-CUBE-AZRTOS-WB 1.1.0
2023-11-30 00:00:11,386 [INFO] ThirdParty:1030 - CMSIS Pack Vendor :STMicroelectronics X-CUBE-AZRTOS-WL 2.0.0
2023-11-30 00:00:11,386 [INFO] ThirdParty:1030 - CMSIS Pack Vendor :SEGGER I-CUBE-embOS 1.3.1
2023-11-30 00:00:11,386 [INFO] ThirdParty:1030 - CMSIS Pack Vendor :STMicroelectronics USB_DEVICE 1.0.0
2023-11-30 00:00:11,386 [INFO] ThirdParty:1030 - CMSIS Pack Vendor :STMicroelectronics X-CUBE-AI 8.1.0
2023-11-30 00:00:11,386 [INFO] ThirdParty:1030 - CMSIS Pack Vendor :STMicroelectronics X-CUBE-AZRTOS-L4 2.0.0
2023-11-30 00:00:11,386 [INFO] ThirdParty:1030 - CMSIS Pack Vendor :STMicroelectronics ThreadX 0.0.2
2023-11-30 00:00:11,386 [INFO] ThirdParty:1030 - CMSIS Pack Vendor :WES I-CUBE-Cesium 1.3.0
2023-11-30 00:00:11,386 [INFO] ThirdParty:1030 - CMSIS Pack Vendor :STMicroelectronics FP-ATR-ASTRA1 2.0.0
2023-11-30 00:00:11,387 [INFO] ThirdParty:1030 - CMSIS Pack Vendor :STMicroelectronics lwIP 2.1.2
2023-11-30 00:00:11,387 [INFO] ThirdParty:1030 - CMSIS Pack Vendor :STMicroelectronics X-CUBE-SFXS2LP1 4.0.0
2023-11-30 00:00:11,387 [INFO] ThirdParty:1030 - CMSIS Pack Vendor :STMicroelectronics X-CUBE-BLE2 3.3.0
2023-11-30 00:00:11,387 [INFO] ThirdParty:1030 - CMSIS Pack Vendor :STMicroelectronics X-CUBE-TOF1 3.4.0
2023-11-30 00:00:11,387 [INFO] ThirdParty:1030 - CMSIS Pack Vendor :STMicroelectronics PDM2PCM 3.2.0
2023-11-30 00:00:11,387 [INFO] ThirdParty:841 - exiting critical section [change project]
2023-11-30 00:00:11,625 [INFO] PinOutPanel:1499 - setPackage(No Configuration,No Configuration)
2023-11-30 00:00:11,626 [INFO] PinOutPanel:1499 - setPackage(STM32F411CEUx,UFQFPN48)
2023-11-30 00:00:11,898 [INFO] UtilMem:75 - Before build in PCC Used Memory: 359073128 Bytes (573571072)
2023-11-30 00:00:12,522 [INFO] UtilMem:75 - After build in PCC Used Memory: 261595648 Bytes (573571072)
2023-11-30 00:00:12,546 [INFO] IPUIPlugin:80 - create IPUIPlugin
2023-11-30 00:00:12,546 [INFO] IPUIPlugin:80 - create IPUIPlugin
2023-11-30 00:00:12,546 [INFO] IPUIPlugin:80 - create IPUIPlugin
2023-11-30 00:00:12,546 [INFO] IPUIPlugin:80 - create IPUIPlugin
2023-11-30 00:00:12,546 [INFO] IPUIPlugin:80 - create IPUIPlugin
2023-11-30 00:00:12,546 [INFO] IPUIPlugin:80 - create IPUIPlugin
2023-11-30 00:00:12,546 [INFO] IPUIPlugin:80 - create IPUIPlugin
2023-11-30 00:00:12,546 [INFO] IPUIPlugin:80 - create IPUIPlugin
2023-11-30 00:00:12,547 [INFO] IPUIPlugin:80 - create IPUIPlugin
2023-11-30 00:00:12,547 [INFO] IPUIPlugin:80 - create IPUIPlugin
2023-11-30 00:00:12,547 [INFO] IPUIPlugin:80 - create IPUIPlugin
2023-11-30 00:00:12,547 [INFO] IPUIPlugin:80 - create IPUIPlugin
2023-11-30 00:00:12,547 [INFO] IPUIPlugin:80 - create IPUIPlugin
2023-11-30 00:00:12,547 [INFO] IPUIPlugin:80 - create IPUIPlugin
2023-11-30 00:00:12,548 [INFO] IPUIPlugin:80 - create IPUIPlugin
2023-11-30 00:00:12,548 [INFO] IPUIPlugin:80 - create IPUIPlugin
2023-11-30 00:00:12,548 [INFO] IPUIPlugin:80 - create IPUIPlugin
2023-11-30 00:00:12,548 [INFO] IPUIPlugin:80 - create IPUIPlugin
2023-11-30 00:00:12,548 [INFO] IPUIPlugin:80 - create IPUIPlugin
2023-11-30 00:00:12,548 [INFO] IPUIPlugin:80 - create IPUIPlugin
2023-11-30 00:00:12,548 [INFO] IPUIPlugin:80 - create IPUIPlugin
2023-11-30 00:00:12,548 [INFO] IPUIPlugin:80 - create IPUIPlugin
2023-11-30 00:00:12,548 [INFO] IPUIPlugin:80 - create IPUIPlugin
2023-11-30 00:00:12,549 [INFO] IPUIPlugin:80 - create IPUIPlugin
2023-11-30 00:00:12,549 [INFO] IPUIPlugin:80 - create IPUIPlugin
2023-11-30 00:00:12,549 [INFO] IPUIPlugin:80 - create IPUIPlugin
2023-11-30 00:00:12,549 [INFO] IPUIPlugin:80 - create IPUIPlugin
2023-11-30 00:00:12,549 [INFO] IPUIPlugin:80 - create IPUIPlugin
2023-11-30 00:00:12,549 [INFO] IPUIPlugin:80 - create IPUIPlugin
2023-11-30 00:00:12,549 [INFO] IPUIPlugin:80 - create IPUIPlugin
2023-11-30 00:00:12,549 [INFO] IPUIPlugin:80 - create IPUIPlugin
2023-11-30 00:00:12,549 [INFO] IPUIPlugin:80 - create IPUIPlugin
2023-11-30 00:00:12,549 [INFO] IPUIPlugin:80 - create IPUIPlugin
2023-11-30 00:00:12,549 [INFO] IPUIPlugin:80 - create IPUIPlugin
2023-11-30 00:00:12,550 [INFO] IPUIPlugin:80 - create IPUIPlugin
2023-11-30 00:00:12,550 [INFO] IPUIPlugin:80 - create IPUIPlugin
2023-11-30 00:00:12,550 [INFO] IPUIPlugin:80 - create IPUIPlugin
2023-11-30 00:00:12,550 [INFO] IPUIPlugin:80 - create IPUIPlugin
2023-11-30 00:00:12,550 [INFO] IPUIPlugin:80 - create IPUIPlugin
2023-11-30 00:00:12,550 [INFO] IPUIPlugin:80 - create IPUIPlugin
2023-11-30 00:00:12,551 [INFO] IPUIPlugin:80 - create IPUIPlugin
2023-11-30 00:00:12,551 [INFO] IPUIPlugin:80 - create IPUIPlugin
2023-11-30 00:00:12,551 [INFO] IPUIPlugin:80 - create IPUIPlugin
2023-11-30 00:00:12,592 [INFO] ApiDbMcu:507 - Load IP Config File for PDM2PCM
2023-11-30 00:00:12,599 [WARN] IP:2113 - I2C_Coeff_DF not found: check if there is a RefParameter without a condition.
2023-11-30 00:00:12,600 [WARN] IP:2113 - Analog_Filter not found: check if there is a RefParameter without a condition.
2023-11-30 00:00:12,601 [WARN] IP:2113 - I2C_Coeff_DF not found: check if there is a RefParameter without a condition.
2023-11-30 00:00:12,601 [WARN] IP:2113 - Analog_Filter not found: check if there is a RefParameter without a condition.
2023-11-30 00:00:12,747 [INFO] CADModel:165 - CPN selected for project levelSTM32F411CEU6
2023-11-30 00:00:12,748 [INFO] CADModel:114 - Register for checkConnection events
2023-11-30 00:00:12,783 [INFO] OpenFileManager:328 - Restore cursor
2023-11-30 00:00:12,936 [WARN] IP:2113 - I2C_Coeff_DF not found: check if there is a RefParameter without a condition.
2023-11-30 00:00:12,936 [WARN] IP:2113 - Analog_Filter not found: check if there is a RefParameter without a condition.
2023-11-30 00:00:12,936 [WARN] IP:2113 - I2C_Coeff_DF not found: check if there is a RefParameter without a condition.
2023-11-30 00:00:12,936 [WARN] IP:2113 - Analog_Filter not found: check if there is a RefParameter without a condition.
2023-11-30 00:00:12,938 [WARN] IP:2113 - I2C_Coeff_DF not found: check if there is a RefParameter without a condition.
2023-11-30 00:00:12,939 [WARN] IP:2113 - Analog_Filter not found: check if there is a RefParameter without a condition.
2023-11-30 00:00:12,939 [WARN] IP:2113 - I2C_Coeff_DF not found: check if there is a RefParameter without a condition.
2023-11-30 00:00:12,939 [WARN] IP:2113 - Analog_Filter not found: check if there is a RefParameter without a condition.
2023-11-30 00:17:24,148 [INFO] MainUpdater:2854 - connection check result : 10
2023-11-30 00:17:24,148 [INFO] MainUpdater:2854 - connection check result : 10
2023-11-30 00:17:24,275 [INFO] MicroXplorer:468 - Change Database Path : 
2023-11-30 00:17:24,275 [INFO] MicroXplorer:498 - Change Database Version : DB.6.0.81
2023-11-30 00:17:24,292 [WARN] ThirdParty:871 - waiting for thirdparty lock release [close project]
2023-11-30 00:17:24,292 [INFO] ThirdParty:873 - entering critical section [close project]
2023-11-30 00:17:24,292 [INFO] ThirdParty:883 - exiting critical section [close project]
2023-11-30 00:17:24,293 [INFO] PinOutPanel:1499 - setPackage(No Configuration,No Configuration)
2023-11-30 00:17:24,309 [WARN] IpParametersView:150 - Warning: This peripheral hasn't parameters
2023-11-30 00:17:24,321 [WARN] MainPanel:257 - <html><b><center>Warning: This peripheral has no parameters to be configured<br></b></html>
2023-11-30 00:17:24,334 [INFO] UtilMem:75 - Begin LoadConfig() Used Memory: 591020096 Bytes (681574400)
2023-11-30 00:17:24,335 [INFO] MicroXplorer:468 - Change Database Path : 
2023-11-30 00:17:24,335 [INFO] MicroXplorer:498 - Change Database Version : DB.6.0.81
2023-11-30 00:17:24,335 [INFO] OpenFileManager:308 - Change cursor
2023-11-30 00:17:24,341 [INFO] Mcu:1937 - Initializing MCU STM32F411C(C-E)Ux STM32F411CEUx STM32F411CEU6
2023-11-30 00:17:24,825 [INFO] Context:659 - Trying to add GPIOservice into a context  which must be forbidden
2023-11-30 00:17:25,108 [INFO] RtosManager:555 - Registered RTOS mode: class=CMSIS, group=RTOS, mode=CMSIS_V1, owner=FREERTOS
2023-11-30 00:17:25,108 [INFO] RtosManager:555 - Registered RTOS mode: class=CMSIS, group=RTOS2, mode=CMSIS_V2, owner=FREERTOS
2023-11-30 00:17:25,108 [INFO] RtosManager:555 - Registered RTOS mode: class=RTOS, group=Core, mode=CMSIS_V1, owner=FREERTOS
2023-11-30 00:17:25,108 [INFO] RtosManager:555 - Registered RTOS mode: class=RTOS, group=Core, mode=CMSIS_V2, owner=FREERTOS
2023-11-30 00:17:25,108 [WARN] ModelIntegratedComponent:184 - Missing modes for component STMicroelectronics:FreeRTOS:0.0.1:STMicroelectronics:RTOS:FreeRTOS:Core:::10.2.0:
2023-11-30 00:17:25,116 [WARN] ModelIntegratedComponent:182 - Modes not found for component STMicroelectronics:USB_HOST:1.0.0:STMicroelectronics:USB::USB Host:Audio HS::1.0:USB_HOST_1_0_RESTRICTED_HS
2023-11-30 00:17:25,116 [WARN] ModelIntegratedComponent:188 - Modes not found for component STMicroelectronics:USB_HOST:1.0.0:STMicroelectronics:USB::USB Host:Audio HS::1.0:USB_HOST_1_0_RESTRICTED_HS
2023-11-30 00:17:25,116 [WARN] ModelIntegratedComponent:182 - Modes not found for component STMicroelectronics:USB_HOST:1.0.0:STMicroelectronics:USB::USB Host:CDC HS::1.0:USB_HOST_1_0_RESTRICTED_HS
2023-11-30 00:17:25,116 [WARN] ModelIntegratedComponent:188 - Modes not found for component STMicroelectronics:USB_HOST:1.0.0:STMicroelectronics:USB::USB Host:CDC HS::1.0:USB_HOST_1_0_RESTRICTED_HS
2023-11-30 00:17:25,116 [WARN] ModelIntegratedComponent:182 - Modes not found for component STMicroelectronics:USB_HOST:1.0.0:STMicroelectronics:USB::USB Host:MSC HS::1.0:USB_HOST_1_0_RESTRICTED_HS
2023-11-30 00:17:25,116 [WARN] ModelIntegratedComponent:188 - Modes not found for component STMicroelectronics:USB_HOST:1.0.0:STMicroelectronics:USB::USB Host:MSC HS::1.0:USB_HOST_1_0_RESTRICTED_HS
2023-11-30 00:17:25,116 [WARN] ModelIntegratedComponent:182 - Modes not found for component STMicroelectronics:USB_HOST:1.0.0:STMicroelectronics:USB::USB Host:HID HS::1.0:USB_HOST_1_0_RESTRICTED_HS
2023-11-30 00:17:25,116 [WARN] ModelIntegratedComponent:188 - Modes not found for component STMicroelectronics:USB_HOST:1.0.0:STMicroelectronics:USB::USB Host:HID HS::1.0:USB_HOST_1_0_RESTRICTED_HS
2023-11-30 00:17:25,116 [WARN] ModelIntegratedComponent:182 - Modes not found for component STMicroelectronics:USB_HOST:1.0.0:STMicroelectronics:USB::USB Host:MTP HS::1.0:USB_HOST_1_0_RESTRICTED_HS
2023-11-30 00:17:25,116 [WARN] ModelIntegratedComponent:188 - Modes not found for component STMicroelectronics:USB_HOST:1.0.0:STMicroelectronics:USB::USB Host:MTP HS::1.0:USB_HOST_1_0_RESTRICTED_HS
2023-11-30 00:17:25,123 [WARN] ModelIntegratedComponent:63 - No mode defined for component null
2023-11-30 00:17:25,123 [WARN] ModelIntegratedComponent:63 - No mode defined for component null
2023-11-30 00:17:25,123 [WARN] ModelIntegratedComponent:63 - No mode defined for component null
2023-11-30 00:17:25,123 [WARN] ModelIntegratedComponent:63 - No mode defined for component null
2023-11-30 00:17:25,123 [WARN] ModelIntegratedComponent:63 - No mode defined for component null
2023-11-30 00:17:25,123 [WARN] ModelIntegratedComponent:63 - No mode defined for component null
2023-11-30 00:17:25,123 [WARN] ModelIntegratedComponent:63 - No mode defined for component null
2023-11-30 00:17:25,123 [WARN] ModelIntegratedComponent:63 - No mode defined for component null
2023-11-30 00:17:25,123 [WARN] ModelIntegratedComponent:63 - No mode defined for component null
2023-11-30 00:17:25,123 [WARN] ModelIntegratedComponent:63 - No mode defined for component null
2023-11-30 00:17:25,123 [WARN] ModelIntegratedComponent:63 - No mode defined for component null
2023-11-30 00:17:25,123 [WARN] ModelIntegratedComponent:63 - No mode defined for component null
2023-11-30 00:17:25,123 [WARN] ModelIntegratedComponent:63 - No mode defined for component null
2023-11-30 00:17:25,123 [WARN] ModelIntegratedComponent:63 - No mode defined for component null
2023-11-30 00:17:25,123 [WARN] ModelIntegratedComponent:63 - No mode defined for component null
2023-11-30 00:17:25,123 [WARN] ModelIntegratedComponent:63 - No mode defined for component null
2023-11-30 00:17:25,124 [WARN] ModelIntegratedComponent:63 - No mode defined for component null
2023-11-30 00:17:25,124 [WARN] ModelIntegratedComponent:63 - No mode defined for component null
2023-11-30 00:17:25,124 [WARN] ModelIntegratedComponent:63 - No mode defined for component null
2023-11-30 00:17:25,124 [WARN] ModelIntegratedComponent:63 - No mode defined for component null
2023-11-30 00:17:25,124 [WARN] ModelIntegratedComponent:63 - No mode defined for component null
2023-11-30 00:17:25,124 [WARN] ModelIntegratedComponent:63 - No mode defined for component null
2023-11-30 00:17:25,124 [WARN] ModelIntegratedComponent:63 - No mode defined for component null
2023-11-30 00:17:25,124 [WARN] ModelIntegratedComponent:63 - No mode defined for component null
2023-11-30 00:17:25,124 [WARN] ModelIntegratedComponent:63 - No mode defined for component null
2023-11-30 00:17:25,124 [WARN] ModelIntegratedComponent:63 - No mode defined for component null
2023-11-30 00:17:25,124 [WARN] ModelIntegratedComponent:63 - No mode defined for component null
2023-11-30 00:17:25,124 [WARN] ModelIntegratedComponent:63 - No mode defined for component null
2023-11-30 00:17:25,124 [WARN] ModelIntegratedComponent:63 - No mode defined for component null
2023-11-30 00:17:25,124 [WARN] ModelIntegratedComponent:63 - No mode defined for component null
2023-11-30 00:17:25,124 [WARN] ModelIntegratedComponent:63 - No mode defined for component null
2023-11-30 00:17:25,124 [WARN] ModelIntegratedComponent:63 - No mode defined for component null
2023-11-30 00:17:25,124 [WARN] ModelIntegratedComponent:63 - No mode defined for component null
2023-11-30 00:17:25,181 [WARN] ModelIntegratedComponent:182 - Modes not found for component STMicroelectronics:USB_DEVICE:1.0.0:STMicroelectronics:USB::USB Device:Audio HS::1.0:USB_DEVICE_1_0_RESTRICTED_HS
2023-11-30 00:17:25,181 [WARN] ModelIntegratedComponent:188 - Modes not found for component STMicroelectronics:USB_DEVICE:1.0.0:STMicroelectronics:USB::USB Device:Audio HS::1.0:USB_DEVICE_1_0_RESTRICTED_HS
2023-11-30 00:17:25,181 [WARN] ModelIntegratedComponent:182 - Modes not found for component STMicroelectronics:USB_DEVICE:1.0.0:STMicroelectronics:USB::USB Device:CDC HS::1.0:USB_DEVICE_1_0_RESTRICTED_HS
2023-11-30 00:17:25,181 [WARN] ModelIntegratedComponent:188 - Modes not found for component STMicroelectronics:USB_DEVICE:1.0.0:STMicroelectronics:USB::USB Device:CDC HS::1.0:USB_DEVICE_1_0_RESTRICTED_HS
2023-11-30 00:17:25,181 [WARN] ModelIntegratedComponent:182 - Modes not found for component STMicroelectronics:USB_DEVICE:1.0.0:STMicroelectronics:USB::USB Device:DFU HS::1.0:USB_DEVICE_1_0_RESTRICTED_HS
2023-11-30 00:17:25,181 [WARN] ModelIntegratedComponent:188 - Modes not found for component STMicroelectronics:USB_DEVICE:1.0.0:STMicroelectronics:USB::USB Device:DFU HS::1.0:USB_DEVICE_1_0_RESTRICTED_HS
2023-11-30 00:17:25,181 [WARN] ModelIntegratedComponent:182 - Modes not found for component STMicroelectronics:USB_DEVICE:1.0.0:STMicroelectronics:USB::USB Device:HID HS::1.0:USB_DEVICE_1_0_RESTRICTED_HS
2023-11-30 00:17:25,181 [WARN] ModelIntegratedComponent:188 - Modes not found for component STMicroelectronics:USB_DEVICE:1.0.0:STMicroelectronics:USB::USB Device:HID HS::1.0:USB_DEVICE_1_0_RESTRICTED_HS
2023-11-30 00:17:25,182 [WARN] ModelIntegratedComponent:182 - Modes not found for component STMicroelectronics:USB_DEVICE:1.0.0:STMicroelectronics:USB::USB Device:Custom HID HS::1.0:USB_DEVICE_1_0_RESTRICTED_HS
2023-11-30 00:17:25,182 [WARN] ModelIntegratedComponent:188 - Modes not found for component STMicroelectronics:USB_DEVICE:1.0.0:STMicroelectronics:USB::USB Device:Custom HID HS::1.0:USB_DEVICE_1_0_RESTRICTED_HS
2023-11-30 00:17:25,182 [WARN] ModelIntegratedComponent:182 - Modes not found for component STMicroelectronics:USB_DEVICE:1.0.0:STMicroelectronics:USB::USB Device:MSC HS::1.0:USB_DEVICE_1_0_RESTRICTED_HS
2023-11-30 00:17:25,182 [WARN] ModelIntegratedComponent:188 - Modes not found for component STMicroelectronics:USB_DEVICE:1.0.0:STMicroelectronics:USB::USB Device:MSC HS::1.0:USB_DEVICE_1_0_RESTRICTED_HS
2023-11-30 00:17:25,195 [INFO] ThirdPartyModel:298 - Start build external matchings
2023-11-30 00:17:25,876 [INFO] ThirdPartyModel:316 - End build external matchings
2023-11-30 00:17:25,898 [INFO] ImportTextPane:194 - (OptionalMessage_ERROR) IP (DMA) : Parameter (Instance) has Id (USART1_RX) currently not set
2023-11-30 00:17:25,898 [INFO] ImportTextPane:194 - (OptionalMessage_ERROR) IP (DMA) : Parameter (Channel) has Id (USART1_RX) currently not set
2023-11-30 00:17:25,898 [INFO] ImportTextPane:194 - (OptionalMessage_ERROR) IP (DMA) : Parameter (Direction) has Id (USART1_RX) currently not set
2023-11-30 00:17:25,898 [INFO] ImportTextPane:194 - (OptionalMessage_ERROR) IP (DMA) : Parameter (PeriphInc) has Id (USART1_RX) currently not set
2023-11-30 00:17:25,898 [INFO] ImportTextPane:194 - (OptionalMessage_ERROR) IP (DMA) : Parameter (MemInc) has Id (USART1_RX) currently not set
2023-11-30 00:17:25,898 [INFO] ImportTextPane:194 - (OptionalMessage_ERROR) IP (DMA) : Parameter (PeriphDataAlignment) has Id (USART1_RX) currently not set
2023-11-30 00:17:25,898 [INFO] ImportTextPane:194 - (OptionalMessage_ERROR) IP (DMA) : Parameter (MemDataAlignment) has Id (USART1_RX) currently not set
2023-11-30 00:17:25,898 [INFO] ImportTextPane:194 - (OptionalMessage_ERROR) IP (DMA) : Parameter (Mode) has Id (USART1_RX) currently not set
2023-11-30 00:17:25,898 [INFO] ImportTextPane:194 - (OptionalMessage_ERROR) IP (DMA) : Parameter (Priority) has Id (USART1_RX) currently not set
2023-11-30 00:17:25,898 [INFO] ImportTextPane:194 - (OptionalMessage_ERROR) IP (DMA) : Parameter (FIFOMode) has Id (USART1_RX) currently not set
2023-11-30 00:17:25,898 [INFO] ImportTextPane:194 - (OptionalMessage_ERROR) IP (DMA) : Parameter (Instance) has Id (USART1_TX) currently not set
2023-11-30 00:17:25,898 [INFO] ImportTextPane:194 - (OptionalMessage_ERROR) IP (DMA) : Parameter (Channel) has Id (USART1_TX) currently not set
2023-11-30 00:17:25,898 [INFO] ImportTextPane:194 - (OptionalMessage_ERROR) IP (DMA) : Parameter (Direction) has Id (USART1_TX) currently not set
2023-11-30 00:17:25,898 [INFO] ImportTextPane:194 - (OptionalMessage_ERROR) IP (DMA) : Parameter (PeriphInc) has Id (USART1_TX) currently not set
2023-11-30 00:17:25,899 [INFO] ImportTextPane:194 - (OptionalMessage_ERROR) IP (DMA) : Parameter (MemInc) has Id (USART1_TX) currently not set
2023-11-30 00:17:25,899 [INFO] ImportTextPane:194 - (OptionalMessage_ERROR) IP (DMA) : Parameter (PeriphDataAlignment) has Id (USART1_TX) currently not set
2023-11-30 00:17:25,899 [INFO] ImportTextPane:194 - (OptionalMessage_ERROR) IP (DMA) : Parameter (MemDataAlignment) has Id (USART1_TX) currently not set
2023-11-30 00:17:25,899 [INFO] ImportTextPane:194 - (OptionalMessage_ERROR) IP (DMA) : Parameter (Mode) has Id (USART1_TX) currently not set
2023-11-30 00:17:25,899 [INFO] ImportTextPane:194 - (OptionalMessage_ERROR) IP (DMA) : Parameter (Priority) has Id (USART1_TX) currently not set
2023-11-30 00:17:25,899 [INFO] ImportTextPane:194 - (OptionalMessage_ERROR) IP (DMA) : Parameter (FIFOMode) has Id (USART1_TX) currently not set
2023-11-30 00:17:25,899 [INFO] ImportTextPane:194 - (OptionalMessage_ERROR) IP (DMA) : Parameter (Instance) has Id (SPI1_TX) currently not set
2023-11-30 00:17:25,899 [INFO] ImportTextPane:194 - (OptionalMessage_ERROR) IP (DMA) : Parameter (Channel) has Id (SPI1_TX) currently not set
2023-11-30 00:17:25,899 [INFO] ImportTextPane:194 - (OptionalMessage_ERROR) IP (DMA) : Parameter (Direction) has Id (SPI1_TX) currently not set
2023-11-30 00:17:25,899 [INFO] ImportTextPane:194 - (OptionalMessage_ERROR) IP (DMA) : Parameter (PeriphInc) has Id (SPI1_TX) currently not set
2023-11-30 00:17:25,899 [INFO] ImportTextPane:194 - (OptionalMessage_ERROR) IP (DMA) : Parameter (MemInc) has Id (SPI1_TX) currently not set
2023-11-30 00:17:25,899 [INFO] ImportTextPane:194 - (OptionalMessage_ERROR) IP (DMA) : Parameter (PeriphDataAlignment) has Id (SPI1_TX) currently not set
2023-11-30 00:17:25,899 [INFO] ImportTextPane:194 - (OptionalMessage_ERROR) IP (DMA) : Parameter (MemDataAlignment) has Id (SPI1_TX) currently not set
2023-11-30 00:17:25,899 [INFO] ImportTextPane:194 - (OptionalMessage_ERROR) IP (DMA) : Parameter (Mode) has Id (SPI1_TX) currently not set
2023-11-30 00:17:25,899 [INFO] ImportTextPane:194 - (OptionalMessage_ERROR) IP (DMA) : Parameter (Priority) has Id (SPI1_TX) currently not set
2023-11-30 00:17:25,899 [INFO] ImportTextPane:194 - (OptionalMessage_ERROR) IP (DMA) : Parameter (FIFOMode) has Id (SPI1_TX) currently not set
2023-11-30 00:17:25,899 [INFO] ImportTextPane:194 - (OptionalMessage_ERROR) IP (RCC) : Parameter (48MHZClocksFreq_Value) has invalid value (50000000)
2023-11-30 00:17:25,899 [INFO] ImportTextPane:194 - (OptionalMessage_ERROR) IP (RCC) : Parameter (RTCHSEDivFreq_Value) has invalid value (12500000)
2023-11-30 00:17:25,995 [INFO] UtilMem:75 - End LoadConfig() Used Memory: 580595184 Bytes (848297984)
2023-11-30 00:17:26,024 [WARN] ThirdParty:833 - waiting for thirdparty lock release [change project]
2023-11-30 00:17:26,024 [INFO] ThirdParty:835 - entering critical section [change project]
2023-11-30 00:17:26,024 [INFO] ThirdParty:1030 - CMSIS Pack Vendor :STMicroelectronics X-CUBE-ISPU 1.1.0
2023-11-30 00:17:26,024 [INFO] ThirdParty:1030 - CMSIS Pack Vendor :STMicroelectronics X-CUBE-GNSS1 6.0.0
2023-11-30 00:17:26,024 [INFO] ThirdParty:1030 - CMSIS Pack Vendor :STMicroelectronics USB_HOST 2.0.0
2023-11-30 00:17:26,024 [INFO] ThirdParty:1030 - CMSIS Pack Vendor :STMicroelectronics X-CUBE-AZRTOS-F4 1.1.0
2023-11-30 00:17:26,024 [INFO] ThirdParty:1030 - CMSIS Pack Vendor :STMicroelectronics LIBJPEG 8.0.0
2023-11-30 00:17:26,024 [INFO] ThirdParty:1030 - CMSIS Pack Vendor :wolfSSL I-CUBE-wolfSSL 5.6.3
2023-11-30 00:17:26,024 [INFO] ThirdParty:1030 - CMSIS Pack Vendor :STMicroelectronics X-CUBE-SMBUS 2.1.0
2023-11-30 00:17:26,024 [INFO] ThirdParty:1030 - CMSIS Pack Vendor :wolfSSL I-CUBE-wolfSSL 5.6.0
2023-11-30 00:17:26,024 [INFO] ThirdParty:1030 - CMSIS Pack Vendor :STMicroelectronics USB_DEVICE 3.0.0
2023-11-30 00:17:26,024 [INFO] ThirdParty:1030 - CMSIS Pack Vendor :STMicroelectronics X-CUBE-AZRTOS-WB 2.0.0
2023-11-30 00:17:26,024 [INFO] ThirdParty:1030 - CMSIS Pack Vendor :STMicroelectronics X-CUBE-FREERTOS 1.0.1
2023-11-30 00:17:26,024 [INFO] ThirdParty:1030 - CMSIS Pack Vendor :STMicroelectronics X-CUBE-AZRTOS-F7 1.1.0
2023-11-30 00:17:26,024 [INFO] ThirdParty:1030 - CMSIS Pack Vendor :STMicroelectronics X-CUBE-TOUCHGFX 4.21.4
2023-11-30 00:17:26,024 [INFO] ThirdParty:1030 - CMSIS Pack Vendor :STMicroelectronics X-CUBE-AZRTOS-L5 2.0.0
2023-11-30 00:17:26,024 [INFO] ThirdParty:1030 - CMSIS Pack Vendor :STMicroelectronics USB_DEVICE 2.0.0
2023-11-30 00:17:26,025 [INFO] ThirdParty:1030 - CMSIS Pack Vendor :STMicroelectronics X-CUBE-MEMS1 9.6.0
2023-11-30 00:17:26,025 [INFO] ThirdParty:1030 - CMSIS Pack Vendor :STMicroelectronics X-CUBE-EEPRMA1 4.2.0
2023-11-30 00:17:26,025 [INFO] ThirdParty:1030 - CMSIS Pack Vendor :ITTIA_DB I-CUBE-ITTIADB 8.8.0
2023-11-30 00:17:26,025 [INFO] ThirdParty:1030 - CMSIS Pack Vendor :STMicroelectronics FP-SNS-MOTENV1 4.3.2
2023-11-30 00:17:26,025 [INFO] ThirdParty:1030 - CMSIS Pack Vendor :STMicroelectronics FP-SNS-MOTENV1 4.3.1
2023-11-30 00:17:26,025 [INFO] ThirdParty:1030 - CMSIS Pack Vendor :STMicroelectronics FP-SNS-FLIGHT1 5.0.1
2023-11-30 00:17:26,025 [INFO] ThirdParty:1030 - CMSIS Pack Vendor :STMicroelectronics X-CUBE-ALGOBUILD 1.3.0
2023-11-30 00:17:26,025 [INFO] ThirdParty:1030 - CMSIS Pack Vendor :STMicroelectronics X-CUBE-BLE1 6.2.4
2023-11-30 00:17:26,025 [INFO] ThirdParty:1030 - CMSIS Pack Vendor :STMicroelectronics X-CUBE-AZRTOS-L5 1.1.0
2023-11-30 00:17:26,025 [INFO] ThirdParty:1030 - CMSIS Pack Vendor :STMicroelectronics FreeRTOS 0.0.1
2023-11-30 00:17:26,025 [INFO] ThirdParty:1030 - CMSIS Pack Vendor :STMicroelectronics X-CUBE-AZRTOS-G0 1.1.0
2023-11-30 00:17:26,025 [INFO] ThirdParty:1030 - CMSIS Pack Vendor :emotas I-CUBE-CANOPEN 1.1.3
2023-11-30 00:17:26,025 [INFO] ThirdParty:1030 - CMSIS Pack Vendor :STMicroelectronics X-CUBE-BLEMGR 2.0.0
2023-11-30 00:17:26,025 [INFO] ThirdParty:1030 - CMSIS Pack Vendor :STMicroelectronics X-CUBE-AI 8.0.1
2023-11-30 00:17:26,025 [INFO] ThirdParty:1030 - CMSIS Pack Vendor :STMicroelectronics X-CUBE-NFC4 3.0.0
2023-11-30 00:17:26,025 [INFO] ThirdParty:1030 - CMSIS Pack Vendor :STMicroelectronics X-CUBE-SUBG2 5.0.0
2023-11-30 00:17:26,025 [INFO] ThirdParty:1030 - CMSIS Pack Vendor :STMicroelectronics STM32_WPAN 1.0.0
2023-11-30 00:17:26,025 [INFO] ThirdParty:1030 - CMSIS Pack Vendor :STMicroelectronics lwIP 2.0.3
2023-11-30 00:17:26,025 [INFO] ThirdParty:1030 - CMSIS Pack Vendor :STMicroelectronics FP-SNS-FLIGHT1 5.0.2
2023-11-30 00:17:26,025 [INFO] ThirdParty:1030 - CMSIS Pack Vendor :STMicroelectronics USB_HOST 1.0.0
2023-11-30 00:17:26,026 [INFO] ThirdParty:1030 - CMSIS Pack Vendor :STMicroelectronics X-CUBE-TOF1 3.3.1
2023-11-30 00:17:26,026 [INFO] ThirdParty:1030 - CMSIS Pack Vendor :STMicroelectronics X-CUBE-AZRTOS-G4 2.0.0
2023-11-30 00:17:26,026 [INFO] ThirdParty:1030 - CMSIS Pack Vendor :STMicroelectronics PDM2PCM 3.1.0
2023-11-30 00:17:26,026 [INFO] ThirdParty:1030 - CMSIS Pack Vendor :STMicroelectronics X-CUBE-AZRTOS-H7 3.1.0
2023-11-30 00:17:26,026 [INFO] ThirdParty:1030 - CMSIS Pack Vendor :STMicroelectronics X-CUBE-TOF1 3.3.0
2023-11-30 00:17:26,026 [INFO] ThirdParty:1030 - CMSIS Pack Vendor :Infineon AIROC-Wi-Fi-Bluetooth-STM32 1.5.1
2023-11-30 00:17:26,026 [INFO] ThirdParty:1030 - CMSIS Pack Vendor :STMicroelectronics X-CUBE-BLEMGR 3.0.0
2023-11-30 00:17:26,026 [INFO] ThirdParty:1030 - CMSIS Pack Vendor :STMicroelectronics PDM2PCM 3.3.0
2023-11-30 00:17:26,026 [INFO] ThirdParty:1030 - CMSIS Pack Vendor :STMicroelectronics X-CUBE-DISPLAY 3.0.0
2023-11-30 00:17:26,026 [INFO] ThirdParty:1030 - CMSIS Pack Vendor :STMicroelectronics FP-SNS-MOTENVWB1 1.3.0
2023-11-30 00:17:26,026 [INFO] ThirdParty:1030 - CMSIS Pack Vendor :STMicroelectronics FP-SNS-MOTENVWB1 1.3.1
2023-11-30 00:17:26,026 [INFO] ThirdParty:1030 - CMSIS Pack Vendor :STMicroelectronics X-CUBE-BLE1 7.0.0
2023-11-30 00:17:26,026 [INFO] ThirdParty:1030 - CMSIS Pack Vendor :STMicroelectronics FP-ATR-SIGFOX1 3.2.0
2023-11-30 00:17:26,026 [INFO] ThirdParty:1030 - CMSIS Pack Vendor :STMicroelectronics HAL Drivers 0.0.0
2023-11-30 00:17:26,026 [INFO] ThirdParty:1030 - CMSIS Pack Vendor :STMicroelectronics MBEDTLS 2.16.2
2023-11-30 00:17:26,026 [INFO] ThirdParty:1030 - CMSIS Pack Vendor :emotas I-CUBE-CANOPEN 1.3.0
2023-11-30 00:17:26,026 [INFO] ThirdParty:1030 - CMSIS Pack Vendor :STMicroelectronics X-CUBE-MEMS1 10.0.0
2023-11-30 00:17:26,026 [INFO] ThirdParty:1030 - CMSIS Pack Vendor :STMicroelectronics X-CUBE-FREERTOS 1.1.0
2023-11-30 00:17:26,026 [INFO] ThirdParty:1030 - CMSIS Pack Vendor :STMicroelectronics X-CUBE-TOUCHGFX 4.22.0
2023-11-30 00:17:26,026 [INFO] ThirdParty:1030 - CMSIS Pack Vendor :STMicroelectronics X-CUBE-NFC7 1.0.1
2023-11-30 00:17:26,026 [INFO] ThirdParty:1030 - CMSIS Pack Vendor :STMicroelectronics MBEDTLS 2.14.1
2023-11-30 00:17:26,026 [INFO] ThirdParty:1030 - CMSIS Pack Vendor :STMicroelectronics X-CUBE-TOUCHGFX 4.22.1
2023-11-30 00:17:26,026 [INFO] ThirdParty:1030 - CMSIS Pack Vendor :STMicroelectronics X-CUBE-NFC6 3.0.0
2023-11-30 00:17:26,026 [INFO] ThirdParty:1030 - CMSIS Pack Vendor :STMicroelectronics X-CUBE-EEPRMA1 4.1.0
2023-11-30 00:17:26,026 [INFO] ThirdParty:1030 - CMSIS Pack Vendor :portGmbH I-Cube-SoM-uGOAL 1.1.0
2023-11-30 00:17:26,026 [INFO] ThirdParty:1030 - CMSIS Pack Vendor :STMicroelectronics X-CUBE-ALS 1.0.1
2023-11-30 00:17:26,027 [INFO] ThirdParty:1030 - CMSIS Pack Vendor :STMicroelectronics ThreadX 1.0.0
2023-11-30 00:17:26,027 [INFO] ThirdParty:1030 - CMSIS Pack Vendor :STMicroelectronics FP-SNS-SMARTAG2 1.2.0
2023-11-30 00:17:26,027 [INFO] ThirdParty:1030 - CMSIS Pack Vendor :STMicroelectronics X-CUBE-AZRTOS-WB 1.1.0
2023-11-30 00:17:26,027 [INFO] ThirdParty:1030 - CMSIS Pack Vendor :STMicroelectronics X-CUBE-AZRTOS-WL 2.0.0
2023-11-30 00:17:26,027 [INFO] ThirdParty:1030 - CMSIS Pack Vendor :SEGGER I-CUBE-embOS 1.3.1
2023-11-30 00:17:26,027 [INFO] ThirdParty:1030 - CMSIS Pack Vendor :STMicroelectronics USB_DEVICE 1.0.0
2023-11-30 00:17:26,027 [INFO] ThirdParty:1030 - CMSIS Pack Vendor :STMicroelectronics X-CUBE-AI 8.1.0
2023-11-30 00:17:26,027 [INFO] ThirdParty:1030 - CMSIS Pack Vendor :STMicroelectronics X-CUBE-AZRTOS-L4 2.0.0
2023-11-30 00:17:26,027 [INFO] ThirdParty:1030 - CMSIS Pack Vendor :STMicroelectronics ThreadX 0.0.2
2023-11-30 00:17:26,027 [INFO] ThirdParty:1030 - CMSIS Pack Vendor :WES I-CUBE-Cesium 1.3.0
2023-11-30 00:17:26,027 [INFO] ThirdParty:1030 - CMSIS Pack Vendor :STMicroelectronics FP-ATR-ASTRA1 2.0.0
2023-11-30 00:17:26,027 [INFO] ThirdParty:1030 - CMSIS Pack Vendor :STMicroelectronics lwIP 2.1.2
2023-11-30 00:17:26,027 [INFO] ThirdParty:1030 - CMSIS Pack Vendor :STMicroelectronics X-CUBE-SFXS2LP1 4.0.0
2023-11-30 00:17:26,027 [INFO] ThirdParty:1030 - CMSIS Pack Vendor :STMicroelectronics X-CUBE-BLE2 3.3.0
2023-11-30 00:17:26,027 [INFO] ThirdParty:1030 - CMSIS Pack Vendor :STMicroelectronics X-CUBE-TOF1 3.4.0
2023-11-30 00:17:26,027 [INFO] ThirdParty:1030 - CMSIS Pack Vendor :STMicroelectronics PDM2PCM 3.2.0
2023-11-30 00:17:26,027 [INFO] ThirdParty:841 - exiting critical section [change project]
2023-11-30 00:17:26,188 [INFO] PinOutPanel:1499 - setPackage(No Configuration,No Configuration)
2023-11-30 00:17:26,188 [INFO] PinOutPanel:1499 - setPackage(STM32F411CEUx,UFQFPN48)
2023-11-30 00:17:26,373 [INFO] UtilMem:75 - Before build in PCC Used Memory: 714625552 Bytes (848297984)
2023-11-30 00:17:26,544 [INFO] UtilMem:75 - After build in PCC Used Memory: 616567960 Bytes (848297984)
2023-11-30 00:17:26,556 [INFO] IPUIPlugin:80 - create IPUIPlugin
2023-11-30 00:17:26,556 [INFO] IPUIPlugin:80 - create IPUIPlugin
2023-11-30 00:17:26,557 [INFO] IPUIPlugin:80 - create IPUIPlugin
2023-11-30 00:17:26,557 [INFO] IPUIPlugin:80 - create IPUIPlugin
2023-11-30 00:17:26,557 [INFO] IPUIPlugin:80 - create IPUIPlugin
2023-11-30 00:17:26,557 [INFO] IPUIPlugin:80 - create IPUIPlugin
2023-11-30 00:17:26,557 [INFO] IPUIPlugin:80 - create IPUIPlugin
2023-11-30 00:17:26,557 [INFO] IPUIPlugin:80 - create IPUIPlugin
2023-11-30 00:17:26,557 [INFO] IPUIPlugin:80 - create IPUIPlugin
2023-11-30 00:17:26,557 [INFO] IPUIPlugin:80 - create IPUIPlugin
2023-11-30 00:17:26,557 [INFO] IPUIPlugin:80 - create IPUIPlugin
2023-11-30 00:17:26,557 [INFO] IPUIPlugin:80 - create IPUIPlugin
2023-11-30 00:17:26,557 [INFO] IPUIPlugin:80 - create IPUIPlugin
2023-11-30 00:17:26,557 [INFO] IPUIPlugin:80 - create IPUIPlugin
2023-11-30 00:17:26,557 [INFO] IPUIPlugin:80 - create IPUIPlugin
2023-11-30 00:17:26,557 [INFO] IPUIPlugin:80 - create IPUIPlugin
2023-11-30 00:17:26,557 [INFO] IPUIPlugin:80 - create IPUIPlugin
2023-11-30 00:17:26,557 [INFO] IPUIPlugin:80 - create IPUIPlugin
2023-11-30 00:17:26,558 [INFO] IPUIPlugin:80 - create IPUIPlugin
2023-11-30 00:17:26,558 [INFO] IPUIPlugin:80 - create IPUIPlugin
2023-11-30 00:17:26,558 [INFO] IPUIPlugin:80 - create IPUIPlugin
2023-11-30 00:17:26,558 [INFO] IPUIPlugin:80 - create IPUIPlugin
2023-11-30 00:17:26,558 [INFO] IPUIPlugin:80 - create IPUIPlugin
2023-11-30 00:17:26,558 [INFO] IPUIPlugin:80 - create IPUIPlugin
2023-11-30 00:17:26,558 [INFO] IPUIPlugin:80 - create IPUIPlugin
2023-11-30 00:17:26,558 [INFO] IPUIPlugin:80 - create IPUIPlugin
2023-11-30 00:17:26,558 [INFO] IPUIPlugin:80 - create IPUIPlugin
2023-11-30 00:17:26,558 [INFO] IPUIPlugin:80 - create IPUIPlugin
2023-11-30 00:17:26,558 [INFO] IPUIPlugin:80 - create IPUIPlugin
2023-11-30 00:17:26,558 [INFO] IPUIPlugin:80 - create IPUIPlugin
2023-11-30 00:17:26,558 [INFO] IPUIPlugin:80 - create IPUIPlugin
2023-11-30 00:17:26,558 [INFO] IPUIPlugin:80 - create IPUIPlugin
2023-11-30 00:17:26,558 [INFO] IPUIPlugin:80 - create IPUIPlugin
2023-11-30 00:17:26,559 [INFO] IPUIPlugin:80 - create IPUIPlugin
2023-11-30 00:17:26,559 [INFO] IPUIPlugin:80 - create IPUIPlugin
2023-11-30 00:17:26,559 [INFO] IPUIPlugin:80 - create IPUIPlugin
2023-11-30 00:17:26,559 [INFO] IPUIPlugin:80 - create IPUIPlugin
2023-11-30 00:17:26,559 [INFO] IPUIPlugin:80 - create IPUIPlugin
2023-11-30 00:17:26,559 [INFO] IPUIPlugin:80 - create IPUIPlugin
2023-11-30 00:17:26,559 [INFO] IPUIPlugin:80 - create IPUIPlugin
2023-11-30 00:17:26,559 [INFO] IPUIPlugin:80 - create IPUIPlugin
2023-11-30 00:17:26,560 [INFO] IPUIPlugin:80 - create IPUIPlugin
2023-11-30 00:17:26,560 [INFO] IPUIPlugin:80 - create IPUIPlugin
2023-11-30 00:17:26,561 [INFO] ApiDbMcu:507 - Load IP Config File for PDM2PCM
2023-11-30 00:17:26,598 [INFO] CADModel:165 - CPN selected for project levelSTM32F411CEU6
2023-11-30 00:17:26,598 [INFO] CADModel:114 - Register for checkConnection events
2023-11-30 00:17:26,644 [INFO] OpenFileManager:328 - Restore cursor
2023-11-30 02:49:47,679 [INFO] UtilMem:75 - End SaveConfig() Used Memory: 692774584 Bytes (848297984)
